<?xml version="1.0" encoding="utf-8"?><testsuites><testsuite name="pytest" errors="3" failures="0" skipped="0" tests="3" time="1.602" timestamp="2026-03-23T22:21:08.553418+08:00" hostname="小新"><testcase classname="" name="Test.test_integration" time="0.000"><error message="collection failure">ImportError while importing test module 'D:\PycharmProjects\fastApiProject\Test\test_integration.py'.
Hint: make sure your test modules/packages have valid Python names.
Traceback:
D:\Users\Lenovo\anaconda3\envs\fastApiProject\lib\site-packages\_pytest\python.py:493: in importtestmodule
    mod = import_path(
D:\Users\Lenovo\anaconda3\envs\fastApiProject\lib\site-packages\_pytest\pathlib.py:582: in import_path
    importlib.import_module(module_name)
D:\Users\Lenovo\anaconda3\envs\fastApiProject\lib\importlib\__init__.py:126: in import_module
    return _bootstrap._gcd_import(name[level:], package, level)
&lt;frozen importlib._bootstrap&gt;:1050: in _gcd_import
    ???
&lt;frozen importlib._bootstrap&gt;:1027: in _find_and_load
    ???
&lt;frozen importlib._bootstrap&gt;:1006: in _find_and_load_unlocked
    ???
&lt;frozen importlib._bootstrap&gt;:688: in _load_unlocked
    ???
D:\Users\Lenovo\anaconda3\envs\fastApiProject\lib\site-packages\_pytest\assertion\rewrite.py:174: in exec_module
    exec(co, module.__dict__)
Test\test_integration.py:7: in &lt;module&gt;
    from bug_tracker import report_bug
E   ModuleNotFoundError: No module named 'bug_tracker'</error></testcase><testcase classname="" name="Test.test_performance" time="0.000"><error message="collection failure">ImportError while importing test module 'D:\PycharmProjects\fastApiProject\Test\test_performance.py'.
Hint: make sure your test modules/packages have valid Python names.
Traceback:
D:\Users\Lenovo\anaconda3\envs\fastApiProject\lib\site-packages\_pytest\python.py:493: in importtestmodule
    mod = import_path(
D:\Users\Lenovo\anaconda3\envs\fastApiProject\lib\site-packages\_pytest\pathlib.py:582: in import_path
    importlib.import_module(module_name)
D:\Users\Lenovo\anaconda3\envs\fastApiProject\lib\importlib\__init__.py:126: in import_module
    return _bootstrap._gcd_import(name[level:], package, level)
&lt;frozen importlib._bootstrap&gt;:1050: in _gcd_import
    ???
&lt;frozen importlib._bootstrap&gt;:1027: in _find_and_load
    ???
&lt;frozen importlib._bootstrap&gt;:1006: in _find_and_load_unlocked
    ???
&lt;frozen importlib._bootstrap&gt;:688: in _load_unlocked
    ???
D:\Users\Lenovo\anaconda3\envs\fastApiProject\lib\site-packages\_pytest\assertion\rewrite.py:174: in exec_module
    exec(co, module.__dict__)
Test\test_performance.py:8: in &lt;module&gt;
    from bug_tracker import report_bug
E   ModuleNotFoundError: No module named 'bug_tracker'</error></testcase><testcase classname="" name="Test.test_security" time="0.000"><error message="collection failure">ImportError while importing test module 'D:\PycharmProjects\fastApiProject\Test\test_security.py'.
Hint: make sure your test modules/packages have valid Python names.
Traceback:
D:\Users\Lenovo\anaconda3\envs\fastApiProject\lib\site-packages\_pytest\python.py:493: in importtestmodule
    mod = import_path(
D:\Users\Lenovo\anaconda3\envs\fastApiProject\lib\site-packages\_pytest\pathlib.py:582: in import_path
    importlib.import_module(module_name)
D:\Users\Lenovo\anaconda3\envs\fastApiProject\lib\importlib\__init__.py:126: in import_module
    return _bootstrap._gcd_import(name[level:], package, level)
&lt;frozen importlib._bootstrap&gt;:1050: in _gcd_import
    ???
&lt;frozen importlib._bootstrap&gt;:1027: in _find_and_load
    ???
&lt;frozen importlib._bootstrap&gt;:1006: in _find_and_load_unlocked
    ???
&lt;frozen importlib._bootstrap&gt;:688: in _load_unlocked
    ???
D:\Users\Lenovo\anaconda3\envs\fastApiProject\lib\site-packages\_pytest\assertion\rewrite.py:174: in exec_module
    exec(co, module.__dict__)
Test\test_security.py:7: in &lt;module&gt;
    from bug_tracker import report_bug
E   ModuleNotFoundError: No module named 'bug_tracker'</error></testcase></testsuite></testsuites>