<?xml version="1.0" encoding="utf-8"?><testsuites name="pytest tests"><testsuite name="pytest" errors="30" failures="33" skipped="2" tests="177" time="461.858" timestamp="2026-04-17T11:52:30.608383+08:00" hostname="小新"><testcase classname="Test.test_api" name="test_get_breeds" time="0.024" /><testcase classname="Test.test_api" name="test_post_breed_requires_auth" time="0.003"><failure message="assert 302 in (400, 401, 403)&#10; +  where 302 = &lt;WrapperTestResponse streamed [302 FOUND]&gt;.status_code">Test\test_api.py:29: in test_post_breed_requires_auth
    assert response.status_code in (400, 401, 403)
E   assert 302 in (400, 401, 403)
E    +  where 302 = &lt;WrapperTestResponse streamed [302 FOUND]&gt;.status_code</failure></testcase><testcase classname="Test.test_api" name="test_post_breed_as_admin" time="0.188"><failure message="assert 400 == 201&#10; +  where 400 = &lt;WrapperTestResponse streamed [400 BAD REQUEST]&gt;.status_code">Test\test_api.py:40: in test_post_breed_as_admin
    assert response.status_code == 201
E   assert 400 == 201
E    +  where 400 = &lt;WrapperTestResponse streamed [400 BAD REQUEST]&gt;.status_code</failure></testcase><testcase classname="Test.test_api" name="test_update_breed" time="0.185"><failure message="KeyError: 'id'">Test\test_api.py:60: in test_update_breed
    breed_id = resp.get_json()['id']
E   KeyError: 'id'</failure></testcase><testcase classname="Test.test_api" name="test_delete_breed" time="0.190" /><testcase classname="Test.test_api" name="test_api_food" time="0.039" /><testcase classname="Test.test_auth" name="test_case" time="0.002"><error message="failed on setup with &quot;file D:\PycharmProjects\fastApiProject\Test\test_framework.py, line 176&#10;  def test_case(test_id, priority='Medium', expected=None):&#10;E       fixture 'test_id' not found&#10;&gt;       available fixtures: _configure_application, _monkeypatch_response_class, _push_request_context, accept_any, accept_json, accept_jsonp, accept_mimetype, admin_client, app, cache, capfd, capfdbinary, caplog, capsys, capsysbinary, capteesys, class_scoped_driver, client, client_class, config, create_test_users, db, doctest_namespace, driver, extra, extras, include_metadata_in_junit_xml, live_server, logged_in_client, login_user, metadata, monkeypatch, pytestconfig, record_property, record_testsuite_property, record_xml_attribute, recwarn, runner, session, session_scoped_driver, subtests, tmp_path, tmp_path_factory, tmpdir, tmpdir_factory&#10;&gt;       use 'pytest --fixtures [testpath]' for help on them.&#10;&#10;D:\PycharmProjects\fastApiProject\Test\test_framework.py:176&quot;">file D:\PycharmProjects\fastApiProject\Test\test_framework.py, line 176
  def test_case(test_id, priority='Medium', expected=None):
E       fixture 'test_id' not found
&gt;       available fixtures: _configure_application, _monkeypatch_response_class, _push_request_context, accept_any, accept_json, accept_jsonp, accept_mimetype, admin_client, app, cache, capfd, capfdbinary, caplog, capsys, capsysbinary, capteesys, class_scoped_driver, client, client_class, config, create_test_users, db, doctest_namespace, driver, extra, extras, include_metadata_in_junit_xml, live_server, logged_in_client, login_user, metadata, monkeypatch, pytestconfig, record_property, record_testsuite_property, record_xml_attribute, recwarn, runner, session, session_scoped_driver, subtests, tmp_path, tmp_path_factory, tmpdir, tmpdir_factory
&gt;       use 'pytest --fixtures [testpath]' for help on them.

D:\PycharmProjects\fastApiProject\Test\test_framework.py:176</error></testcase><testcase classname="Test.test_auth.TestUserAuthentication" name="test_register_success" time="0.015" /><testcase classname="Test.test_auth.TestUserAuthentication" name="test_register_duplicate_username" time="0.142"><failure message="sqlalchemy.exc.IntegrityError: (pymysql.err.IntegrityError) (1062, &quot;Duplicate entry 'duplicate_user' for key 'username'&quot;)&#10;[SQL: INSERT INTO users (username, password_hash, `role`) VALUES (%(username)s, %(password_hash)s, %(role)s)]&#10;[parameters: {'username': 'duplicate_user', 'password_hash': 'scrypt:32768:8:1$vdyugMVc0qNiZOam$f052f22b7e4d69966c0ff190de763ee365a109e1077b00a02f9a57aec93611376aad65a57e1807995c22a71f8a54c6f437566ef16cb8975da07e04194b611329', 'role': 'user'}]&#10;(Background on this error at: https://sqlalche.me/e/20/gkpj)">D:\Users\Lenovo\anaconda3\envs\fastApiProject\lib\site-packages\sqlalchemy\engine\base.py:1967: in _exec_single_context
    self.dialect.do_execute(
D:\Users\Lenovo\anaconda3\envs\fastApiProject\lib\site-packages\sqlalchemy\engine\default.py:952: in do_execute
    cursor.execute(statement, parameters)
D:\Users\Lenovo\anaconda3\envs\fastApiProject\lib\site-packages\pymysql\cursors.py:153: in execute
    result = self._query(query)
D:\Users\Lenovo\anaconda3\envs\fastApiProject\lib\site-packages\pymysql\cursors.py:322: in _query
    conn.query(q)
D:\Users\Lenovo\anaconda3\envs\fastApiProject\lib\site-packages\pymysql\connections.py:575: in query
    self._affected_rows = self._read_query_result(unbuffered=unbuffered)
D:\Users\Lenovo\anaconda3\envs\fastApiProject\lib\site-packages\pymysql\connections.py:826: in _read_query_result
    result.read()
D:\Users\Lenovo\anaconda3\envs\fastApiProject\lib\site-packages\pymysql\connections.py:1203: in read
    first_packet = self.connection._read_packet()
D:\Users\Lenovo\anaconda3\envs\fastApiProject\lib\site-packages\pymysql\connections.py:782: in _read_packet
    packet.raise_for_error()
D:\Users\Lenovo\anaconda3\envs\fastApiProject\lib\site-packages\pymysql\protocol.py:219: in raise_for_error
    err.raise_mysql_exception(self._data)
D:\Users\Lenovo\anaconda3\envs\fastApiProject\lib\site-packages\pymysql\err.py:150: in raise_mysql_exception
    raise errorclass(errno, errval)
E   pymysql.err.IntegrityError: (1062, "Duplicate entry 'duplicate_user' for key 'username'")

The above exception was the direct cause of the following exception:
Test\test_auth.py:59: in test_register_duplicate_username
    db.session.commit()
D:\Users\Lenovo\anaconda3\envs\fastApiProject\lib\site-packages\sqlalchemy\orm\scoping.py:597: in commit
    return self._proxied.commit()
D:\Users\Lenovo\anaconda3\envs\fastApiProject\lib\site-packages\sqlalchemy\orm\session.py:2030: in commit
    trans.commit(_to_root=True)
&lt;string&gt;:2: in commit
    ???
D:\Users\Lenovo\anaconda3\envs\fastApiProject\lib\site-packages\sqlalchemy\orm\state_changes.py:137: in _go
    ret_value = fn(self, *arg, **kw)
D:\Users\Lenovo\anaconda3\envs\fastApiProject\lib\site-packages\sqlalchemy\orm\session.py:1311: in commit
    self._prepare_impl()
&lt;string&gt;:2: in _prepare_impl
    ???
D:\Users\Lenovo\anaconda3\envs\fastApiProject\lib\site-packages\sqlalchemy\orm\state_changes.py:137: in _go
    ret_value = fn(self, *arg, **kw)
D:\Users\Lenovo\anaconda3\envs\fastApiProject\lib\site-packages\sqlalchemy\orm\session.py:1286: in _prepare_impl
    self.session.flush()
D:\Users\Lenovo\anaconda3\envs\fastApiProject\lib\site-packages\sqlalchemy\orm\session.py:4331: in flush
    self._flush(objects)
D:\Users\Lenovo\anaconda3\envs\fastApiProject\lib\site-packages\sqlalchemy\orm\session.py:4466: in _flush
    with util.safe_reraise():
D:\Users\Lenovo\anaconda3\envs\fastApiProject\lib\site-packages\sqlalchemy\util\langhelpers.py:121: in __exit__
    raise exc_value.with_traceback(exc_tb)
D:\Users\Lenovo\anaconda3\envs\fastApiProject\lib\site-packages\sqlalchemy\orm\session.py:4427: in _flush
    flush_context.execute()
D:\Users\Lenovo\anaconda3\envs\fastApiProject\lib\site-packages\sqlalchemy\orm\unitofwork.py:466: in execute
    rec.execute(self)
D:\Users\Lenovo\anaconda3\envs\fastApiProject\lib\site-packages\sqlalchemy\orm\unitofwork.py:642: in execute
    util.preloaded.orm_persistence.save_obj(
D:\Users\Lenovo\anaconda3\envs\fastApiProject\lib\site-packages\sqlalchemy\orm\persistence.py:93: in save_obj
    _emit_insert_statements(
D:\Users\Lenovo\anaconda3\envs\fastApiProject\lib\site-packages\sqlalchemy\orm\persistence.py:1233: in _emit_insert_statements
    result = connection.execute(
D:\Users\Lenovo\anaconda3\envs\fastApiProject\lib\site-packages\sqlalchemy\engine\base.py:1419: in execute
    return meth(
D:\Users\Lenovo\anaconda3\envs\fastApiProject\lib\site-packages\sqlalchemy\sql\elements.py:527: in _execute_on_connection
    return connection._execute_clauseelement(
D:\Users\Lenovo\anaconda3\envs\fastApiProject\lib\site-packages\sqlalchemy\engine\base.py:1641: in _execute_clauseelement
    ret = self._execute_context(
D:\Users\Lenovo\anaconda3\envs\fastApiProject\lib\site-packages\sqlalchemy\engine\base.py:1846: in _execute_context
    return self._exec_single_context(
D:\Users\Lenovo\anaconda3\envs\fastApiProject\lib\site-packages\sqlalchemy\engine\base.py:1986: in _exec_single_context
    self._handle_dbapi_exception(
D:\Users\Lenovo\anaconda3\envs\fastApiProject\lib\site-packages\sqlalchemy\engine\base.py:2363: in _handle_dbapi_exception
    raise sqlalchemy_exception.with_traceback(exc_info[2]) from e
D:\Users\Lenovo\anaconda3\envs\fastApiProject\lib\site-packages\sqlalchemy\engine\base.py:1967: in _exec_single_context
    self.dialect.do_execute(
D:\Users\Lenovo\anaconda3\envs\fastApiProject\lib\site-packages\sqlalchemy\engine\default.py:952: in do_execute
    cursor.execute(statement, parameters)
D:\Users\Lenovo\anaconda3\envs\fastApiProject\lib\site-packages\pymysql\cursors.py:153: in execute
    result = self._query(query)
D:\Users\Lenovo\anaconda3\envs\fastApiProject\lib\site-packages\pymysql\cursors.py:322: in _query
    conn.query(q)
D:\Users\Lenovo\anaconda3\envs\fastApiProject\lib\site-packages\pymysql\connections.py:575: in query
    self._affected_rows = self._read_query_result(unbuffered=unbuffered)
D:\Users\Lenovo\anaconda3\envs\fastApiProject\lib\site-packages\pymysql\connections.py:826: in _read_query_result
    result.read()
D:\Users\Lenovo\anaconda3\envs\fastApiProject\lib\site-packages\pymysql\connections.py:1203: in read
    first_packet = self.connection._read_packet()
D:\Users\Lenovo\anaconda3\envs\fastApiProject\lib\site-packages\pymysql\connections.py:782: in _read_packet
    packet.raise_for_error()
D:\Users\Lenovo\anaconda3\envs\fastApiProject\lib\site-packages\pymysql\protocol.py:219: in raise_for_error
    err.raise_mysql_exception(self._data)
D:\Users\Lenovo\anaconda3\envs\fastApiProject\lib\site-packages\pymysql\err.py:150: in raise_mysql_exception
    raise errorclass(errno, errval)
E   sqlalchemy.exc.IntegrityError: (pymysql.err.IntegrityError) (1062, "Duplicate entry 'duplicate_user' for key 'username'")
E   [SQL: INSERT INTO users (username, password_hash, `role`) VALUES (%(username)s, %(password_hash)s, %(role)s)]
E   [parameters: {'username': 'duplicate_user', 'password_hash': 'scrypt:32768:8:1$vdyugMVc0qNiZOam$f052f22b7e4d69966c0ff190de763ee365a109e1077b00a02f9a57aec93611376aad65a57e1807995c22a71f8a54c6f437566ef16cb8975da07e04194b611329', 'role': 'user'}]
E   (Background on this error at: https://sqlalche.me/e/20/gkpj)</failure></testcase><testcase classname="Test.test_auth.TestUserAuthentication" name="test_login_success" time="0.146"><failure message="sqlalchemy.exc.IntegrityError: (pymysql.err.IntegrityError) (1062, &quot;Duplicate entry 'login_test_user' for key 'username'&quot;)&#10;[SQL: INSERT INTO users (username, password_hash, `role`) VALUES (%(username)s, %(password_hash)s, %(role)s)]&#10;[parameters: {'username': 'login_test_user', 'password_hash': 'scrypt:32768:8:1$Ml7qSf00S87ZCK8k$dbe77155a847c9a872484ba8d9ecfe4da075f7664bf5b7991ac2fdb4dda52485ef63ffc8f6c6547a57ca56ddf084f0dde04e96f8aa9e316e522bd8b093bc8064', 'role': 'user'}]&#10;(Background on this error at: https://sqlalche.me/e/20/gkpj)">D:\Users\Lenovo\anaconda3\envs\fastApiProject\lib\site-packages\sqlalchemy\engine\base.py:1967: in _exec_single_context
    self.dialect.do_execute(
D:\Users\Lenovo\anaconda3\envs\fastApiProject\lib\site-packages\sqlalchemy\engine\default.py:952: in do_execute
    cursor.execute(statement, parameters)
D:\Users\Lenovo\anaconda3\envs\fastApiProject\lib\site-packages\pymysql\cursors.py:153: in execute
    result = self._query(query)
D:\Users\Lenovo\anaconda3\envs\fastApiProject\lib\site-packages\pymysql\cursors.py:322: in _query
    conn.query(q)
D:\Users\Lenovo\anaconda3\envs\fastApiProject\lib\site-packages\pymysql\connections.py:575: in query
    self._affected_rows = self._read_query_result(unbuffered=unbuffered)
D:\Users\Lenovo\anaconda3\envs\fastApiProject\lib\site-packages\pymysql\connections.py:826: in _read_query_result
    result.read()
D:\Users\Lenovo\anaconda3\envs\fastApiProject\lib\site-packages\pymysql\connections.py:1203: in read
    first_packet = self.connection._read_packet()
D:\Users\Lenovo\anaconda3\envs\fastApiProject\lib\site-packages\pymysql\connections.py:782: in _read_packet
    packet.raise_for_error()
D:\Users\Lenovo\anaconda3\envs\fastApiProject\lib\site-packages\pymysql\protocol.py:219: in raise_for_error
    err.raise_mysql_exception(self._data)
D:\Users\Lenovo\anaconda3\envs\fastApiProject\lib\site-packages\pymysql\err.py:150: in raise_mysql_exception
    raise errorclass(errno, errval)
E   pymysql.err.IntegrityError: (1062, "Duplicate entry 'login_test_user' for key 'username'")

The above exception was the direct cause of the following exception:
Test\test_auth.py:93: in test_login_success
    db.session.commit()
D:\Users\Lenovo\anaconda3\envs\fastApiProject\lib\site-packages\sqlalchemy\orm\scoping.py:597: in commit
    return self._proxied.commit()
D:\Users\Lenovo\anaconda3\envs\fastApiProject\lib\site-packages\sqlalchemy\orm\session.py:2030: in commit
    trans.commit(_to_root=True)
&lt;string&gt;:2: in commit
    ???
D:\Users\Lenovo\anaconda3\envs\fastApiProject\lib\site-packages\sqlalchemy\orm\state_changes.py:137: in _go
    ret_value = fn(self, *arg, **kw)
D:\Users\Lenovo\anaconda3\envs\fastApiProject\lib\site-packages\sqlalchemy\orm\session.py:1311: in commit
    self._prepare_impl()
&lt;string&gt;:2: in _prepare_impl
    ???
D:\Users\Lenovo\anaconda3\envs\fastApiProject\lib\site-packages\sqlalchemy\orm\state_changes.py:137: in _go
    ret_value = fn(self, *arg, **kw)
D:\Users\Lenovo\anaconda3\envs\fastApiProject\lib\site-packages\sqlalchemy\orm\session.py:1286: in _prepare_impl
    self.session.flush()
D:\Users\Lenovo\anaconda3\envs\fastApiProject\lib\site-packages\sqlalchemy\orm\session.py:4331: in flush
    self._flush(objects)
D:\Users\Lenovo\anaconda3\envs\fastApiProject\lib\site-packages\sqlalchemy\orm\session.py:4466: in _flush
    with util.safe_reraise():
D:\Users\Lenovo\anaconda3\envs\fastApiProject\lib\site-packages\sqlalchemy\util\langhelpers.py:121: in __exit__
    raise exc_value.with_traceback(exc_tb)
D:\Users\Lenovo\anaconda3\envs\fastApiProject\lib\site-packages\sqlalchemy\orm\session.py:4427: in _flush
    flush_context.execute()
D:\Users\Lenovo\anaconda3\envs\fastApiProject\lib\site-packages\sqlalchemy\orm\unitofwork.py:466: in execute
    rec.execute(self)
D:\Users\Lenovo\anaconda3\envs\fastApiProject\lib\site-packages\sqlalchemy\orm\unitofwork.py:642: in execute
    util.preloaded.orm_persistence.save_obj(
D:\Users\Lenovo\anaconda3\envs\fastApiProject\lib\site-packages\sqlalchemy\orm\persistence.py:93: in save_obj
    _emit_insert_statements(
D:\Users\Lenovo\anaconda3\envs\fastApiProject\lib\site-packages\sqlalchemy\orm\persistence.py:1233: in _emit_insert_statements
    result = connection.execute(
D:\Users\Lenovo\anaconda3\envs\fastApiProject\lib\site-packages\sqlalchemy\engine\base.py:1419: in execute
    return meth(
D:\Users\Lenovo\anaconda3\envs\fastApiProject\lib\site-packages\sqlalchemy\sql\elements.py:527: in _execute_on_connection
    return connection._execute_clauseelement(
D:\Users\Lenovo\anaconda3\envs\fastApiProject\lib\site-packages\sqlalchemy\engine\base.py:1641: in _execute_clauseelement
    ret = self._execute_context(
D:\Users\Lenovo\anaconda3\envs\fastApiProject\lib\site-packages\sqlalchemy\engine\base.py:1846: in _execute_context
    return self._exec_single_context(
D:\Users\Lenovo\anaconda3\envs\fastApiProject\lib\site-packages\sqlalchemy\engine\base.py:1986: in _exec_single_context
    self._handle_dbapi_exception(
D:\Users\Lenovo\anaconda3\envs\fastApiProject\lib\site-packages\sqlalchemy\engine\base.py:2363: in _handle_dbapi_exception
    raise sqlalchemy_exception.with_traceback(exc_info[2]) from e
D:\Users\Lenovo\anaconda3\envs\fastApiProject\lib\site-packages\sqlalchemy\engine\base.py:1967: in _exec_single_context
    self.dialect.do_execute(
D:\Users\Lenovo\anaconda3\envs\fastApiProject\lib\site-packages\sqlalchemy\engine\default.py:952: in do_execute
    cursor.execute(statement, parameters)
D:\Users\Lenovo\anaconda3\envs\fastApiProject\lib\site-packages\pymysql\cursors.py:153: in execute
    result = self._query(query)
D:\Users\Lenovo\anaconda3\envs\fastApiProject\lib\site-packages\pymysql\cursors.py:322: in _query
    conn.query(q)
D:\Users\Lenovo\anaconda3\envs\fastApiProject\lib\site-packages\pymysql\connections.py:575: in query
    self._affected_rows = self._read_query_result(unbuffered=unbuffered)
D:\Users\Lenovo\anaconda3\envs\fastApiProject\lib\site-packages\pymysql\connections.py:826: in _read_query_result
    result.read()
D:\Users\Lenovo\anaconda3\envs\fastApiProject\lib\site-packages\pymysql\connections.py:1203: in read
    first_packet = self.connection._read_packet()
D:\Users\Lenovo\anaconda3\envs\fastApiProject\lib\site-packages\pymysql\connections.py:782: in _read_packet
    packet.raise_for_error()
D:\Users\Lenovo\anaconda3\envs\fastApiProject\lib\site-packages\pymysql\protocol.py:219: in raise_for_error
    err.raise_mysql_exception(self._data)
D:\Users\Lenovo\anaconda3\envs\fastApiProject\lib\site-packages\pymysql\err.py:150: in raise_mysql_exception
    raise errorclass(errno, errval)
E   sqlalchemy.exc.IntegrityError: (pymysql.err.IntegrityError) (1062, "Duplicate entry 'login_test_user' for key 'username'")
E   [SQL: INSERT INTO users (username, password_hash, `role`) VALUES (%(username)s, %(password_hash)s, %(role)s)]
E   [parameters: {'username': 'login_test_user', 'password_hash': 'scrypt:32768:8:1$Ml7qSf00S87ZCK8k$dbe77155a847c9a872484ba8d9ecfe4da075f7664bf5b7991ac2fdb4dda52485ef63ffc8f6c6547a57ca56ddf084f0dde04e96f8aa9e316e522bd8b093bc8064', 'role': 'user'}]
E   (Background on this error at: https://sqlalche.me/e/20/gkpj)</failure></testcase><testcase classname="Test.test_auth.TestUserAuthentication" name="test_login_wrong_password" time="0.144"><failure message="sqlalchemy.exc.IntegrityError: (pymysql.err.IntegrityError) (1062, &quot;Duplicate entry 'password_test_user' for key 'username'&quot;)&#10;[SQL: INSERT INTO users (username, password_hash, `role`) VALUES (%(username)s, %(password_hash)s, %(role)s)]&#10;[parameters: {'username': 'password_test_user', 'password_hash': 'scrypt:32768:8:1$sJA2XuE2wGRR1WrA$660a62808d1dc23426cff7b9441e7fdec4ae808e30fee8145c54ddd6a34161468090caadc9196aa4584742060636395f0fa4832f11f7c946de09ed2018d8e054', 'role': 'user'}]&#10;(Background on this error at: https://sqlalche.me/e/20/gkpj)">D:\Users\Lenovo\anaconda3\envs\fastApiProject\lib\site-packages\sqlalchemy\engine\base.py:1967: in _exec_single_context
    self.dialect.do_execute(
D:\Users\Lenovo\anaconda3\envs\fastApiProject\lib\site-packages\sqlalchemy\engine\default.py:952: in do_execute
    cursor.execute(statement, parameters)
D:\Users\Lenovo\anaconda3\envs\fastApiProject\lib\site-packages\pymysql\cursors.py:153: in execute
    result = self._query(query)
D:\Users\Lenovo\anaconda3\envs\fastApiProject\lib\site-packages\pymysql\cursors.py:322: in _query
    conn.query(q)
D:\Users\Lenovo\anaconda3\envs\fastApiProject\lib\site-packages\pymysql\connections.py:575: in query
    self._affected_rows = self._read_query_result(unbuffered=unbuffered)
D:\Users\Lenovo\anaconda3\envs\fastApiProject\lib\site-packages\pymysql\connections.py:826: in _read_query_result
    result.read()
D:\Users\Lenovo\anaconda3\envs\fastApiProject\lib\site-packages\pymysql\connections.py:1203: in read
    first_packet = self.connection._read_packet()
D:\Users\Lenovo\anaconda3\envs\fastApiProject\lib\site-packages\pymysql\connections.py:782: in _read_packet
    packet.raise_for_error()
D:\Users\Lenovo\anaconda3\envs\fastApiProject\lib\site-packages\pymysql\protocol.py:219: in raise_for_error
    err.raise_mysql_exception(self._data)
D:\Users\Lenovo\anaconda3\envs\fastApiProject\lib\site-packages\pymysql\err.py:150: in raise_mysql_exception
    raise errorclass(errno, errval)
E   pymysql.err.IntegrityError: (1062, "Duplicate entry 'password_test_user' for key 'username'")

The above exception was the direct cause of the following exception:
Test\test_auth.py:128: in test_login_wrong_password
    db.session.commit()
D:\Users\Lenovo\anaconda3\envs\fastApiProject\lib\site-packages\sqlalchemy\orm\scoping.py:597: in commit
    return self._proxied.commit()
D:\Users\Lenovo\anaconda3\envs\fastApiProject\lib\site-packages\sqlalchemy\orm\session.py:2030: in commit
    trans.commit(_to_root=True)
&lt;string&gt;:2: in commit
    ???
D:\Users\Lenovo\anaconda3\envs\fastApiProject\lib\site-packages\sqlalchemy\orm\state_changes.py:137: in _go
    ret_value = fn(self, *arg, **kw)
D:\Users\Lenovo\anaconda3\envs\fastApiProject\lib\site-packages\sqlalchemy\orm\session.py:1311: in commit
    self._prepare_impl()
&lt;string&gt;:2: in _prepare_impl
    ???
D:\Users\Lenovo\anaconda3\envs\fastApiProject\lib\site-packages\sqlalchemy\orm\state_changes.py:137: in _go
    ret_value = fn(self, *arg, **kw)
D:\Users\Lenovo\anaconda3\envs\fastApiProject\lib\site-packages\sqlalchemy\orm\session.py:1286: in _prepare_impl
    self.session.flush()
D:\Users\Lenovo\anaconda3\envs\fastApiProject\lib\site-packages\sqlalchemy\orm\session.py:4331: in flush
    self._flush(objects)
D:\Users\Lenovo\anaconda3\envs\fastApiProject\lib\site-packages\sqlalchemy\orm\session.py:4466: in _flush
    with util.safe_reraise():
D:\Users\Lenovo\anaconda3\envs\fastApiProject\lib\site-packages\sqlalchemy\util\langhelpers.py:121: in __exit__
    raise exc_value.with_traceback(exc_tb)
D:\Users\Lenovo\anaconda3\envs\fastApiProject\lib\site-packages\sqlalchemy\orm\session.py:4427: in _flush
    flush_context.execute()
D:\Users\Lenovo\anaconda3\envs\fastApiProject\lib\site-packages\sqlalchemy\orm\unitofwork.py:466: in execute
    rec.execute(self)
D:\Users\Lenovo\anaconda3\envs\fastApiProject\lib\site-packages\sqlalchemy\orm\unitofwork.py:642: in execute
    util.preloaded.orm_persistence.save_obj(
D:\Users\Lenovo\anaconda3\envs\fastApiProject\lib\site-packages\sqlalchemy\orm\persistence.py:93: in save_obj
    _emit_insert_statements(
D:\Users\Lenovo\anaconda3\envs\fastApiProject\lib\site-packages\sqlalchemy\orm\persistence.py:1233: in _emit_insert_statements
    result = connection.execute(
D:\Users\Lenovo\anaconda3\envs\fastApiProject\lib\site-packages\sqlalchemy\engine\base.py:1419: in execute
    return meth(
D:\Users\Lenovo\anaconda3\envs\fastApiProject\lib\site-packages\sqlalchemy\sql\elements.py:527: in _execute_on_connection
    return connection._execute_clauseelement(
D:\Users\Lenovo\anaconda3\envs\fastApiProject\lib\site-packages\sqlalchemy\engine\base.py:1641: in _execute_clauseelement
    ret = self._execute_context(
D:\Users\Lenovo\anaconda3\envs\fastApiProject\lib\site-packages\sqlalchemy\engine\base.py:1846: in _execute_context
    return self._exec_single_context(
D:\Users\Lenovo\anaconda3\envs\fastApiProject\lib\site-packages\sqlalchemy\engine\base.py:1986: in _exec_single_context
    self._handle_dbapi_exception(
D:\Users\Lenovo\anaconda3\envs\fastApiProject\lib\site-packages\sqlalchemy\engine\base.py:2363: in _handle_dbapi_exception
    raise sqlalchemy_exception.with_traceback(exc_info[2]) from e
D:\Users\Lenovo\anaconda3\envs\fastApiProject\lib\site-packages\sqlalchemy\engine\base.py:1967: in _exec_single_context
    self.dialect.do_execute(
D:\Users\Lenovo\anaconda3\envs\fastApiProject\lib\site-packages\sqlalchemy\engine\default.py:952: in do_execute
    cursor.execute(statement, parameters)
D:\Users\Lenovo\anaconda3\envs\fastApiProject\lib\site-packages\pymysql\cursors.py:153: in execute
    result = self._query(query)
D:\Users\Lenovo\anaconda3\envs\fastApiProject\lib\site-packages\pymysql\cursors.py:322: in _query
    conn.query(q)
D:\Users\Lenovo\anaconda3\envs\fastApiProject\lib\site-packages\pymysql\connections.py:575: in query
    self._affected_rows = self._read_query_result(unbuffered=unbuffered)
D:\Users\Lenovo\anaconda3\envs\fastApiProject\lib\site-packages\pymysql\connections.py:826: in _read_query_result
    result.read()
D:\Users\Lenovo\anaconda3\envs\fastApiProject\lib\site-packages\pymysql\connections.py:1203: in read
    first_packet = self.connection._read_packet()
D:\Users\Lenovo\anaconda3\envs\fastApiProject\lib\site-packages\pymysql\connections.py:782: in _read_packet
    packet.raise_for_error()
D:\Users\Lenovo\anaconda3\envs\fastApiProject\lib\site-packages\pymysql\protocol.py:219: in raise_for_error
    err.raise_mysql_exception(self._data)
D:\Users\Lenovo\anaconda3\envs\fastApiProject\lib\site-packages\pymysql\err.py:150: in raise_mysql_exception
    raise errorclass(errno, errval)
E   sqlalchemy.exc.IntegrityError: (pymysql.err.IntegrityError) (1062, "Duplicate entry 'password_test_user' for key 'username'")
E   [SQL: INSERT INTO users (username, password_hash, `role`) VALUES (%(username)s, %(password_hash)s, %(role)s)]
E   [parameters: {'username': 'password_test_user', 'password_hash': 'scrypt:32768:8:1$sJA2XuE2wGRR1WrA$660a62808d1dc23426cff7b9441e7fdec4ae808e30fee8145c54ddd6a34161468090caadc9196aa4584742060636395f0fa4832f11f7c946de09ed2018d8e054', 'role': 'user'}]
E   (Background on this error at: https://sqlalche.me/e/20/gkpj)</failure></testcase><testcase classname="Test.test_auth.TestUserAuthentication" name="test_logout" time="0.196" /><testcase classname="Test.test_auth.TestUserAuthentication" name="test_access_protected_page_without_login" time="0.003" /><testcase classname="Test.test_auth.TestUserAuthentication" name="test_sql_injection_login" time="0.140"><failure message="sqlalchemy.exc.IntegrityError: (pymysql.err.IntegrityError) (1062, &quot;Duplicate entry 'admin' for key 'username'&quot;)&#10;[SQL: INSERT INTO users (username, password_hash, `role`) VALUES (%(username)s, %(password_hash)s, %(role)s)]&#10;[parameters: {'username': 'admin', 'password_hash': 'scrypt:32768:8:1$9uSMStKGOcGcLz98$b469e9ff929a5ad8502e8c7dea1486420af8408490c3ed25d85643afb37dd1652ffd04b563681efde10d29e64d2d73000650c1b7a219e102f414407092d70353', 'role': 'user'}]&#10;(Background on this error at: https://sqlalche.me/e/20/gkpj)">D:\Users\Lenovo\anaconda3\envs\fastApiProject\lib\site-packages\sqlalchemy\engine\base.py:1967: in _exec_single_context
    self.dialect.do_execute(
D:\Users\Lenovo\anaconda3\envs\fastApiProject\lib\site-packages\sqlalchemy\engine\default.py:952: in do_execute
    cursor.execute(statement, parameters)
D:\Users\Lenovo\anaconda3\envs\fastApiProject\lib\site-packages\pymysql\cursors.py:153: in execute
    result = self._query(query)
D:\Users\Lenovo\anaconda3\envs\fastApiProject\lib\site-packages\pymysql\cursors.py:322: in _query
    conn.query(q)
D:\Users\Lenovo\anaconda3\envs\fastApiProject\lib\site-packages\pymysql\connections.py:575: in query
    self._affected_rows = self._read_query_result(unbuffered=unbuffered)
D:\Users\Lenovo\anaconda3\envs\fastApiProject\lib\site-packages\pymysql\connections.py:826: in _read_query_result
    result.read()
D:\Users\Lenovo\anaconda3\envs\fastApiProject\lib\site-packages\pymysql\connections.py:1203: in read
    first_packet = self.connection._read_packet()
D:\Users\Lenovo\anaconda3\envs\fastApiProject\lib\site-packages\pymysql\connections.py:782: in _read_packet
    packet.raise_for_error()
D:\Users\Lenovo\anaconda3\envs\fastApiProject\lib\site-packages\pymysql\protocol.py:219: in raise_for_error
    err.raise_mysql_exception(self._data)
D:\Users\Lenovo\anaconda3\envs\fastApiProject\lib\site-packages\pymysql\err.py:150: in raise_mysql_exception
    raise errorclass(errno, errval)
E   pymysql.err.IntegrityError: (1062, "Duplicate entry 'admin' for key 'username'")

The above exception was the direct cause of the following exception:
Test\test_auth.py:211: in test_sql_injection_login
    db.session.commit()
D:\Users\Lenovo\anaconda3\envs\fastApiProject\lib\site-packages\sqlalchemy\orm\scoping.py:597: in commit
    return self._proxied.commit()
D:\Users\Lenovo\anaconda3\envs\fastApiProject\lib\site-packages\sqlalchemy\orm\session.py:2030: in commit
    trans.commit(_to_root=True)
&lt;string&gt;:2: in commit
    ???
D:\Users\Lenovo\anaconda3\envs\fastApiProject\lib\site-packages\sqlalchemy\orm\state_changes.py:137: in _go
    ret_value = fn(self, *arg, **kw)
D:\Users\Lenovo\anaconda3\envs\fastApiProject\lib\site-packages\sqlalchemy\orm\session.py:1311: in commit
    self._prepare_impl()
&lt;string&gt;:2: in _prepare_impl
    ???
D:\Users\Lenovo\anaconda3\envs\fastApiProject\lib\site-packages\sqlalchemy\orm\state_changes.py:137: in _go
    ret_value = fn(self, *arg, **kw)
D:\Users\Lenovo\anaconda3\envs\fastApiProject\lib\site-packages\sqlalchemy\orm\session.py:1286: in _prepare_impl
    self.session.flush()
D:\Users\Lenovo\anaconda3\envs\fastApiProject\lib\site-packages\sqlalchemy\orm\session.py:4331: in flush
    self._flush(objects)
D:\Users\Lenovo\anaconda3\envs\fastApiProject\lib\site-packages\sqlalchemy\orm\session.py:4466: in _flush
    with util.safe_reraise():
D:\Users\Lenovo\anaconda3\envs\fastApiProject\lib\site-packages\sqlalchemy\util\langhelpers.py:121: in __exit__
    raise exc_value.with_traceback(exc_tb)
D:\Users\Lenovo\anaconda3\envs\fastApiProject\lib\site-packages\sqlalchemy\orm\session.py:4427: in _flush
    flush_context.execute()
D:\Users\Lenovo\anaconda3\envs\fastApiProject\lib\site-packages\sqlalchemy\orm\unitofwork.py:466: in execute
    rec.execute(self)
D:\Users\Lenovo\anaconda3\envs\fastApiProject\lib\site-packages\sqlalchemy\orm\unitofwork.py:642: in execute
    util.preloaded.orm_persistence.save_obj(
D:\Users\Lenovo\anaconda3\envs\fastApiProject\lib\site-packages\sqlalchemy\orm\persistence.py:93: in save_obj
    _emit_insert_statements(
D:\Users\Lenovo\anaconda3\envs\fastApiProject\lib\site-packages\sqlalchemy\orm\persistence.py:1233: in _emit_insert_statements
    result = connection.execute(
D:\Users\Lenovo\anaconda3\envs\fastApiProject\lib\site-packages\sqlalchemy\engine\base.py:1419: in execute
    return meth(
D:\Users\Lenovo\anaconda3\envs\fastApiProject\lib\site-packages\sqlalchemy\sql\elements.py:527: in _execute_on_connection
    return connection._execute_clauseelement(
D:\Users\Lenovo\anaconda3\envs\fastApiProject\lib\site-packages\sqlalchemy\engine\base.py:1641: in _execute_clauseelement
    ret = self._execute_context(
D:\Users\Lenovo\anaconda3\envs\fastApiProject\lib\site-packages\sqlalchemy\engine\base.py:1846: in _execute_context
    return self._exec_single_context(
D:\Users\Lenovo\anaconda3\envs\fastApiProject\lib\site-packages\sqlalchemy\engine\base.py:1986: in _exec_single_context
    self._handle_dbapi_exception(
D:\Users\Lenovo\anaconda3\envs\fastApiProject\lib\site-packages\sqlalchemy\engine\base.py:2363: in _handle_dbapi_exception
    raise sqlalchemy_exception.with_traceback(exc_info[2]) from e
D:\Users\Lenovo\anaconda3\envs\fastApiProject\lib\site-packages\sqlalchemy\engine\base.py:1967: in _exec_single_context
    self.dialect.do_execute(
D:\Users\Lenovo\anaconda3\envs\fastApiProject\lib\site-packages\sqlalchemy\engine\default.py:952: in do_execute
    cursor.execute(statement, parameters)
D:\Users\Lenovo\anaconda3\envs\fastApiProject\lib\site-packages\pymysql\cursors.py:153: in execute
    result = self._query(query)
D:\Users\Lenovo\anaconda3\envs\fastApiProject\lib\site-packages\pymysql\cursors.py:322: in _query
    conn.query(q)
D:\Users\Lenovo\anaconda3\envs\fastApiProject\lib\site-packages\pymysql\connections.py:575: in query
    self._affected_rows = self._read_query_result(unbuffered=unbuffered)
D:\Users\Lenovo\anaconda3\envs\fastApiProject\lib\site-packages\pymysql\connections.py:826: in _read_query_result
    result.read()
D:\Users\Lenovo\anaconda3\envs\fastApiProject\lib\site-packages\pymysql\connections.py:1203: in read
    first_packet = self.connection._read_packet()
D:\Users\Lenovo\anaconda3\envs\fastApiProject\lib\site-packages\pymysql\connections.py:782: in _read_packet
    packet.raise_for_error()
D:\Users\Lenovo\anaconda3\envs\fastApiProject\lib\site-packages\pymysql\protocol.py:219: in raise_for_error
    err.raise_mysql_exception(self._data)
D:\Users\Lenovo\anaconda3\envs\fastApiProject\lib\site-packages\pymysql\err.py:150: in raise_mysql_exception
    raise errorclass(errno, errval)
E   sqlalchemy.exc.IntegrityError: (pymysql.err.IntegrityError) (1062, "Duplicate entry 'admin' for key 'username'")
E   [SQL: INSERT INTO users (username, password_hash, `role`) VALUES (%(username)s, %(password_hash)s, %(role)s)]
E   [parameters: {'username': 'admin', 'password_hash': 'scrypt:32768:8:1$9uSMStKGOcGcLz98$b469e9ff929a5ad8502e8c7dea1486420af8408490c3ed25d85643afb37dd1652ffd04b563681efde10d29e64d2d73000650c1b7a219e102f414407092d70353', 'role': 'user'}]
E   (Background on this error at: https://sqlalche.me/e/20/gkpj)</failure></testcase><testcase classname="Test.test_breed" name="test_case" time="0.001"><error message="failed on setup with &quot;file D:\PycharmProjects\fastApiProject\Test\test_framework.py, line 176&#10;  def test_case(test_id, priority='Medium', expected=None):&#10;E       fixture 'test_id' not found&#10;&gt;       available fixtures: _configure_application, _monkeypatch_response_class, _push_request_context, accept_any, accept_json, accept_jsonp, accept_mimetype, admin_client, app, cache, capfd, capfdbinary, caplog, capsys, capsysbinary, capteesys, class_scoped_driver, client, client_class, config, create_test_users, db, doctest_namespace, driver, extra, extras, include_metadata_in_junit_xml, live_server, logged_in_client, login_user, metadata, monkeypatch, pytestconfig, record_property, record_testsuite_property, record_xml_attribute, recwarn, runner, session, session_scoped_driver, subtests, tmp_path, tmp_path_factory, tmpdir, tmpdir_factory&#10;&gt;       use 'pytest --fixtures [testpath]' for help on them.&#10;&#10;D:\PycharmProjects\fastApiProject\Test\test_framework.py:176&quot;">file D:\PycharmProjects\fastApiProject\Test\test_framework.py, line 176
  def test_case(test_id, priority='Medium', expected=None):
E       fixture 'test_id' not found
&gt;       available fixtures: _configure_application, _monkeypatch_response_class, _push_request_context, accept_any, accept_json, accept_jsonp, accept_mimetype, admin_client, app, cache, capfd, capfdbinary, caplog, capsys, capsysbinary, capteesys, class_scoped_driver, client, client_class, config, create_test_users, db, doctest_namespace, driver, extra, extras, include_metadata_in_junit_xml, live_server, logged_in_client, login_user, metadata, monkeypatch, pytestconfig, record_property, record_testsuite_property, record_xml_attribute, recwarn, runner, session, session_scoped_driver, subtests, tmp_path, tmp_path_factory, tmpdir, tmpdir_factory
&gt;       use 'pytest --fixtures [testpath]' for help on them.

D:\PycharmProjects\fastApiProject\Test\test_framework.py:176</error></testcase><testcase classname="Test.test_breed.TestBreedManagement" name="test_add_breed_success" time="0.170"><failure message="assert 400 == 201&#10; +  where 400 = &lt;WrapperTestResponse streamed [400 BAD REQUEST]&gt;.status_code">Test\test_breed.py:29: in test_add_breed_success
    assert response.status_code == 201
E   assert 400 == 201
E    +  where 400 = &lt;WrapperTestResponse streamed [400 BAD REQUEST]&gt;.status_code</failure></testcase><testcase classname="Test.test_breed.TestBreedManagement" name="test_add_breed_duplicate" time="0.167"><failure message="sqlalchemy.exc.IntegrityError: (pymysql.err.IntegrityError) (1062, &quot;Duplicate entry '金毛' for key 'breed_name'&quot;)&#10;[SQL: INSERT INTO dog_breeds (breed_name, avg_life_years, size_category, popularity) VALUES (%(breed_name)s, %(avg_life_years)s, %(size_category)s, %(popularity)s)]&#10;[parameters: {'breed_name': '金毛', 'avg_life_years': 12, 'size_category': '大型', 'popularity': 90}]&#10;(Background on this error at: https://sqlalche.me/e/20/gkpj)">D:\Users\Lenovo\anaconda3\envs\fastApiProject\lib\site-packages\sqlalchemy\engine\base.py:1967: in _exec_single_context
    self.dialect.do_execute(
D:\Users\Lenovo\anaconda3\envs\fastApiProject\lib\site-packages\sqlalchemy\engine\default.py:952: in do_execute
    cursor.execute(statement, parameters)
D:\Users\Lenovo\anaconda3\envs\fastApiProject\lib\site-packages\pymysql\cursors.py:153: in execute
    result = self._query(query)
D:\Users\Lenovo\anaconda3\envs\fastApiProject\lib\site-packages\pymysql\cursors.py:322: in _query
    conn.query(q)
D:\Users\Lenovo\anaconda3\envs\fastApiProject\lib\site-packages\pymysql\connections.py:575: in query
    self._affected_rows = self._read_query_result(unbuffered=unbuffered)
D:\Users\Lenovo\anaconda3\envs\fastApiProject\lib\site-packages\pymysql\connections.py:826: in _read_query_result
    result.read()
D:\Users\Lenovo\anaconda3\envs\fastApiProject\lib\site-packages\pymysql\connections.py:1203: in read
    first_packet = self.connection._read_packet()
D:\Users\Lenovo\anaconda3\envs\fastApiProject\lib\site-packages\pymysql\connections.py:782: in _read_packet
    packet.raise_for_error()
D:\Users\Lenovo\anaconda3\envs\fastApiProject\lib\site-packages\pymysql\protocol.py:219: in raise_for_error
    err.raise_mysql_exception(self._data)
D:\Users\Lenovo\anaconda3\envs\fastApiProject\lib\site-packages\pymysql\err.py:150: in raise_mysql_exception
    raise errorclass(errno, errval)
E   pymysql.err.IntegrityError: (1062, "Duplicate entry '金毛' for key 'breed_name'")

The above exception was the direct cause of the following exception:
Test\test_breed.py:60: in test_add_breed_duplicate
    db.session.commit()
D:\Users\Lenovo\anaconda3\envs\fastApiProject\lib\site-packages\sqlalchemy\orm\scoping.py:597: in commit
    return self._proxied.commit()
D:\Users\Lenovo\anaconda3\envs\fastApiProject\lib\site-packages\sqlalchemy\orm\session.py:2030: in commit
    trans.commit(_to_root=True)
&lt;string&gt;:2: in commit
    ???
D:\Users\Lenovo\anaconda3\envs\fastApiProject\lib\site-packages\sqlalchemy\orm\state_changes.py:137: in _go
    ret_value = fn(self, *arg, **kw)
D:\Users\Lenovo\anaconda3\envs\fastApiProject\lib\site-packages\sqlalchemy\orm\session.py:1311: in commit
    self._prepare_impl()
&lt;string&gt;:2: in _prepare_impl
    ???
D:\Users\Lenovo\anaconda3\envs\fastApiProject\lib\site-packages\sqlalchemy\orm\state_changes.py:137: in _go
    ret_value = fn(self, *arg, **kw)
D:\Users\Lenovo\anaconda3\envs\fastApiProject\lib\site-packages\sqlalchemy\orm\session.py:1286: in _prepare_impl
    self.session.flush()
D:\Users\Lenovo\anaconda3\envs\fastApiProject\lib\site-packages\sqlalchemy\orm\session.py:4331: in flush
    self._flush(objects)
D:\Users\Lenovo\anaconda3\envs\fastApiProject\lib\site-packages\sqlalchemy\orm\session.py:4466: in _flush
    with util.safe_reraise():
D:\Users\Lenovo\anaconda3\envs\fastApiProject\lib\site-packages\sqlalchemy\util\langhelpers.py:121: in __exit__
    raise exc_value.with_traceback(exc_tb)
D:\Users\Lenovo\anaconda3\envs\fastApiProject\lib\site-packages\sqlalchemy\orm\session.py:4427: in _flush
    flush_context.execute()
D:\Users\Lenovo\anaconda3\envs\fastApiProject\lib\site-packages\sqlalchemy\orm\unitofwork.py:466: in execute
    rec.execute(self)
D:\Users\Lenovo\anaconda3\envs\fastApiProject\lib\site-packages\sqlalchemy\orm\unitofwork.py:642: in execute
    util.preloaded.orm_persistence.save_obj(
D:\Users\Lenovo\anaconda3\envs\fastApiProject\lib\site-packages\sqlalchemy\orm\persistence.py:93: in save_obj
    _emit_insert_statements(
D:\Users\Lenovo\anaconda3\envs\fastApiProject\lib\site-packages\sqlalchemy\orm\persistence.py:1233: in _emit_insert_statements
    result = connection.execute(
D:\Users\Lenovo\anaconda3\envs\fastApiProject\lib\site-packages\sqlalchemy\engine\base.py:1419: in execute
    return meth(
D:\Users\Lenovo\anaconda3\envs\fastApiProject\lib\site-packages\sqlalchemy\sql\elements.py:527: in _execute_on_connection
    return connection._execute_clauseelement(
D:\Users\Lenovo\anaconda3\envs\fastApiProject\lib\site-packages\sqlalchemy\engine\base.py:1641: in _execute_clauseelement
    ret = self._execute_context(
D:\Users\Lenovo\anaconda3\envs\fastApiProject\lib\site-packages\sqlalchemy\engine\base.py:1846: in _execute_context
    return self._exec_single_context(
D:\Users\Lenovo\anaconda3\envs\fastApiProject\lib\site-packages\sqlalchemy\engine\base.py:1986: in _exec_single_context
    self._handle_dbapi_exception(
D:\Users\Lenovo\anaconda3\envs\fastApiProject\lib\site-packages\sqlalchemy\engine\base.py:2363: in _handle_dbapi_exception
    raise sqlalchemy_exception.with_traceback(exc_info[2]) from e
D:\Users\Lenovo\anaconda3\envs\fastApiProject\lib\site-packages\sqlalchemy\engine\base.py:1967: in _exec_single_context
    self.dialect.do_execute(
D:\Users\Lenovo\anaconda3\envs\fastApiProject\lib\site-packages\sqlalchemy\engine\default.py:952: in do_execute
    cursor.execute(statement, parameters)
D:\Users\Lenovo\anaconda3\envs\fastApiProject\lib\site-packages\pymysql\cursors.py:153: in execute
    result = self._query(query)
D:\Users\Lenovo\anaconda3\envs\fastApiProject\lib\site-packages\pymysql\cursors.py:322: in _query
    conn.query(q)
D:\Users\Lenovo\anaconda3\envs\fastApiProject\lib\site-packages\pymysql\connections.py:575: in query
    self._affected_rows = self._read_query_result(unbuffered=unbuffered)
D:\Users\Lenovo\anaconda3\envs\fastApiProject\lib\site-packages\pymysql\connections.py:826: in _read_query_result
    result.read()
D:\Users\Lenovo\anaconda3\envs\fastApiProject\lib\site-packages\pymysql\connections.py:1203: in read
    first_packet = self.connection._read_packet()
D:\Users\Lenovo\anaconda3\envs\fastApiProject\lib\site-packages\pymysql\connections.py:782: in _read_packet
    packet.raise_for_error()
D:\Users\Lenovo\anaconda3\envs\fastApiProject\lib\site-packages\pymysql\protocol.py:219: in raise_for_error
    err.raise_mysql_exception(self._data)
D:\Users\Lenovo\anaconda3\envs\fastApiProject\lib\site-packages\pymysql\err.py:150: in raise_mysql_exception
    raise errorclass(errno, errval)
E   sqlalchemy.exc.IntegrityError: (pymysql.err.IntegrityError) (1062, "Duplicate entry '金毛' for key 'breed_name'")
E   [SQL: INSERT INTO dog_breeds (breed_name, avg_life_years, size_category, popularity) VALUES (%(breed_name)s, %(avg_life_years)s, %(size_category)s, %(popularity)s)]
E   [parameters: {'breed_name': '金毛', 'avg_life_years': 12, 'size_category': '大型', 'popularity': 90}]
E   (Background on this error at: https://sqlalche.me/e/20/gkpj)</failure></testcase><testcase classname="Test.test_breed.TestBreedManagement" name="test_add_breed_missing_fields" time="0.148" /><testcase classname="Test.test_breed.TestBreedManagement" name="test_get_breeds_list" time="0.006"><failure message="sqlalchemy.exc.IntegrityError: (pymysql.err.IntegrityError) (1062, &quot;Duplicate entry '品种 A' for key 'breed_name'&quot;)&#10;[SQL: INSERT INTO dog_breeds (breed_name, avg_life_years, size_category, popularity) VALUES (%(breed_name)s, %(avg_life_years)s, %(size_category)s, %(popularity)s)]&#10;[parameters: {'breed_name': '品种 A', 'avg_life_years': 10, 'size_category': '小型', 'popularity': 50}]&#10;(Background on this error at: https://sqlalche.me/e/20/gkpj)">D:\Users\Lenovo\anaconda3\envs\fastApiProject\lib\site-packages\sqlalchemy\engine\base.py:1967: in _exec_single_context
    self.dialect.do_execute(
D:\Users\Lenovo\anaconda3\envs\fastApiProject\lib\site-packages\sqlalchemy\engine\default.py:952: in do_execute
    cursor.execute(statement, parameters)
D:\Users\Lenovo\anaconda3\envs\fastApiProject\lib\site-packages\pymysql\cursors.py:153: in execute
    result = self._query(query)
D:\Users\Lenovo\anaconda3\envs\fastApiProject\lib\site-packages\pymysql\cursors.py:322: in _query
    conn.query(q)
D:\Users\Lenovo\anaconda3\envs\fastApiProject\lib\site-packages\pymysql\connections.py:575: in query
    self._affected_rows = self._read_query_result(unbuffered=unbuffered)
D:\Users\Lenovo\anaconda3\envs\fastApiProject\lib\site-packages\pymysql\connections.py:826: in _read_query_result
    result.read()
D:\Users\Lenovo\anaconda3\envs\fastApiProject\lib\site-packages\pymysql\connections.py:1203: in read
    first_packet = self.connection._read_packet()
D:\Users\Lenovo\anaconda3\envs\fastApiProject\lib\site-packages\pymysql\connections.py:782: in _read_packet
    packet.raise_for_error()
D:\Users\Lenovo\anaconda3\envs\fastApiProject\lib\site-packages\pymysql\protocol.py:219: in raise_for_error
    err.raise_mysql_exception(self._data)
D:\Users\Lenovo\anaconda3\envs\fastApiProject\lib\site-packages\pymysql\err.py:150: in raise_mysql_exception
    raise errorclass(errno, errval)
E   pymysql.err.IntegrityError: (1062, "Duplicate entry '品种 A' for key 'breed_name'")

The above exception was the direct cause of the following exception:
Test\test_breed.py:125: in test_get_breeds_list
    db.session.commit()
D:\Users\Lenovo\anaconda3\envs\fastApiProject\lib\site-packages\sqlalchemy\orm\scoping.py:597: in commit
    return self._proxied.commit()
D:\Users\Lenovo\anaconda3\envs\fastApiProject\lib\site-packages\sqlalchemy\orm\session.py:2030: in commit
    trans.commit(_to_root=True)
&lt;string&gt;:2: in commit
    ???
D:\Users\Lenovo\anaconda3\envs\fastApiProject\lib\site-packages\sqlalchemy\orm\state_changes.py:137: in _go
    ret_value = fn(self, *arg, **kw)
D:\Users\Lenovo\anaconda3\envs\fastApiProject\lib\site-packages\sqlalchemy\orm\session.py:1311: in commit
    self._prepare_impl()
&lt;string&gt;:2: in _prepare_impl
    ???
D:\Users\Lenovo\anaconda3\envs\fastApiProject\lib\site-packages\sqlalchemy\orm\state_changes.py:137: in _go
    ret_value = fn(self, *arg, **kw)
D:\Users\Lenovo\anaconda3\envs\fastApiProject\lib\site-packages\sqlalchemy\orm\session.py:1286: in _prepare_impl
    self.session.flush()
D:\Users\Lenovo\anaconda3\envs\fastApiProject\lib\site-packages\sqlalchemy\orm\session.py:4331: in flush
    self._flush(objects)
D:\Users\Lenovo\anaconda3\envs\fastApiProject\lib\site-packages\sqlalchemy\orm\session.py:4466: in _flush
    with util.safe_reraise():
D:\Users\Lenovo\anaconda3\envs\fastApiProject\lib\site-packages\sqlalchemy\util\langhelpers.py:121: in __exit__
    raise exc_value.with_traceback(exc_tb)
D:\Users\Lenovo\anaconda3\envs\fastApiProject\lib\site-packages\sqlalchemy\orm\session.py:4427: in _flush
    flush_context.execute()
D:\Users\Lenovo\anaconda3\envs\fastApiProject\lib\site-packages\sqlalchemy\orm\unitofwork.py:466: in execute
    rec.execute(self)
D:\Users\Lenovo\anaconda3\envs\fastApiProject\lib\site-packages\sqlalchemy\orm\unitofwork.py:642: in execute
    util.preloaded.orm_persistence.save_obj(
D:\Users\Lenovo\anaconda3\envs\fastApiProject\lib\site-packages\sqlalchemy\orm\persistence.py:93: in save_obj
    _emit_insert_statements(
D:\Users\Lenovo\anaconda3\envs\fastApiProject\lib\site-packages\sqlalchemy\orm\persistence.py:1233: in _emit_insert_statements
    result = connection.execute(
D:\Users\Lenovo\anaconda3\envs\fastApiProject\lib\site-packages\sqlalchemy\engine\base.py:1419: in execute
    return meth(
D:\Users\Lenovo\anaconda3\envs\fastApiProject\lib\site-packages\sqlalchemy\sql\elements.py:527: in _execute_on_connection
    return connection._execute_clauseelement(
D:\Users\Lenovo\anaconda3\envs\fastApiProject\lib\site-packages\sqlalchemy\engine\base.py:1641: in _execute_clauseelement
    ret = self._execute_context(
D:\Users\Lenovo\anaconda3\envs\fastApiProject\lib\site-packages\sqlalchemy\engine\base.py:1846: in _execute_context
    return self._exec_single_context(
D:\Users\Lenovo\anaconda3\envs\fastApiProject\lib\site-packages\sqlalchemy\engine\base.py:1986: in _exec_single_context
    self._handle_dbapi_exception(
D:\Users\Lenovo\anaconda3\envs\fastApiProject\lib\site-packages\sqlalchemy\engine\base.py:2363: in _handle_dbapi_exception
    raise sqlalchemy_exception.with_traceback(exc_info[2]) from e
D:\Users\Lenovo\anaconda3\envs\fastApiProject\lib\site-packages\sqlalchemy\engine\base.py:1967: in _exec_single_context
    self.dialect.do_execute(
D:\Users\Lenovo\anaconda3\envs\fastApiProject\lib\site-packages\sqlalchemy\engine\default.py:952: in do_execute
    cursor.execute(statement, parameters)
D:\Users\Lenovo\anaconda3\envs\fastApiProject\lib\site-packages\pymysql\cursors.py:153: in execute
    result = self._query(query)
D:\Users\Lenovo\anaconda3\envs\fastApiProject\lib\site-packages\pymysql\cursors.py:322: in _query
    conn.query(q)
D:\Users\Lenovo\anaconda3\envs\fastApiProject\lib\site-packages\pymysql\connections.py:575: in query
    self._affected_rows = self._read_query_result(unbuffered=unbuffered)
D:\Users\Lenovo\anaconda3\envs\fastApiProject\lib\site-packages\pymysql\connections.py:826: in _read_query_result
    result.read()
D:\Users\Lenovo\anaconda3\envs\fastApiProject\lib\site-packages\pymysql\connections.py:1203: in read
    first_packet = self.connection._read_packet()
D:\Users\Lenovo\anaconda3\envs\fastApiProject\lib\site-packages\pymysql\connections.py:782: in _read_packet
    packet.raise_for_error()
D:\Users\Lenovo\anaconda3\envs\fastApiProject\lib\site-packages\pymysql\protocol.py:219: in raise_for_error
    err.raise_mysql_exception(self._data)
D:\Users\Lenovo\anaconda3\envs\fastApiProject\lib\site-packages\pymysql\err.py:150: in raise_mysql_exception
    raise errorclass(errno, errval)
E   sqlalchemy.exc.IntegrityError: (pymysql.err.IntegrityError) (1062, "Duplicate entry '品种 A' for key 'breed_name'")
E   [SQL: INSERT INTO dog_breeds (breed_name, avg_life_years, size_category, popularity) VALUES (%(breed_name)s, %(avg_life_years)s, %(size_category)s, %(popularity)s)]
E   [parameters: {'breed_name': '品种 A', 'avg_life_years': 10, 'size_category': '小型', 'popularity': 50}]
E   (Background on this error at: https://sqlalche.me/e/20/gkpj)</failure></testcase><testcase classname="Test.test_breed.TestBreedManagement" name="test_update_breed" time="0.164"><failure message="sqlalchemy.exc.IntegrityError: (pymysql.err.IntegrityError) (1062, &quot;Duplicate entry '泰迪' for key 'breed_name'&quot;)&#10;[SQL: INSERT INTO dog_breeds (breed_name, avg_life_years, size_category, popularity) VALUES (%(breed_name)s, %(avg_life_years)s, %(size_category)s, %(popularity)s)]&#10;[parameters: {'breed_name': '泰迪', 'avg_life_years': 15, 'size_category': '小型', 'popularity': 70}]&#10;(Background on this error at: https://sqlalche.me/e/20/gkpj)">D:\Users\Lenovo\anaconda3\envs\fastApiProject\lib\site-packages\sqlalchemy\engine\base.py:1967: in _exec_single_context
    self.dialect.do_execute(
D:\Users\Lenovo\anaconda3\envs\fastApiProject\lib\site-packages\sqlalchemy\engine\default.py:952: in do_execute
    cursor.execute(statement, parameters)
D:\Users\Lenovo\anaconda3\envs\fastApiProject\lib\site-packages\pymysql\cursors.py:153: in execute
    result = self._query(query)
D:\Users\Lenovo\anaconda3\envs\fastApiProject\lib\site-packages\pymysql\cursors.py:322: in _query
    conn.query(q)
D:\Users\Lenovo\anaconda3\envs\fastApiProject\lib\site-packages\pymysql\connections.py:575: in query
    self._affected_rows = self._read_query_result(unbuffered=unbuffered)
D:\Users\Lenovo\anaconda3\envs\fastApiProject\lib\site-packages\pymysql\connections.py:826: in _read_query_result
    result.read()
D:\Users\Lenovo\anaconda3\envs\fastApiProject\lib\site-packages\pymysql\connections.py:1203: in read
    first_packet = self.connection._read_packet()
D:\Users\Lenovo\anaconda3\envs\fastApiProject\lib\site-packages\pymysql\connections.py:782: in _read_packet
    packet.raise_for_error()
D:\Users\Lenovo\anaconda3\envs\fastApiProject\lib\site-packages\pymysql\protocol.py:219: in raise_for_error
    err.raise_mysql_exception(self._data)
D:\Users\Lenovo\anaconda3\envs\fastApiProject\lib\site-packages\pymysql\err.py:150: in raise_mysql_exception
    raise errorclass(errno, errval)
E   pymysql.err.IntegrityError: (1062, "Duplicate entry '泰迪' for key 'breed_name'")

The above exception was the direct cause of the following exception:
Test\test_breed.py:161: in test_update_breed
    db.session.commit()
D:\Users\Lenovo\anaconda3\envs\fastApiProject\lib\site-packages\sqlalchemy\orm\scoping.py:597: in commit
    return self._proxied.commit()
D:\Users\Lenovo\anaconda3\envs\fastApiProject\lib\site-packages\sqlalchemy\orm\session.py:2030: in commit
    trans.commit(_to_root=True)
&lt;string&gt;:2: in commit
    ???
D:\Users\Lenovo\anaconda3\envs\fastApiProject\lib\site-packages\sqlalchemy\orm\state_changes.py:137: in _go
    ret_value = fn(self, *arg, **kw)
D:\Users\Lenovo\anaconda3\envs\fastApiProject\lib\site-packages\sqlalchemy\orm\session.py:1311: in commit
    self._prepare_impl()
&lt;string&gt;:2: in _prepare_impl
    ???
D:\Users\Lenovo\anaconda3\envs\fastApiProject\lib\site-packages\sqlalchemy\orm\state_changes.py:137: in _go
    ret_value = fn(self, *arg, **kw)
D:\Users\Lenovo\anaconda3\envs\fastApiProject\lib\site-packages\sqlalchemy\orm\session.py:1286: in _prepare_impl
    self.session.flush()
D:\Users\Lenovo\anaconda3\envs\fastApiProject\lib\site-packages\sqlalchemy\orm\session.py:4331: in flush
    self._flush(objects)
D:\Users\Lenovo\anaconda3\envs\fastApiProject\lib\site-packages\sqlalchemy\orm\session.py:4466: in _flush
    with util.safe_reraise():
D:\Users\Lenovo\anaconda3\envs\fastApiProject\lib\site-packages\sqlalchemy\util\langhelpers.py:121: in __exit__
    raise exc_value.with_traceback(exc_tb)
D:\Users\Lenovo\anaconda3\envs\fastApiProject\lib\site-packages\sqlalchemy\orm\session.py:4427: in _flush
    flush_context.execute()
D:\Users\Lenovo\anaconda3\envs\fastApiProject\lib\site-packages\sqlalchemy\orm\unitofwork.py:466: in execute
    rec.execute(self)
D:\Users\Lenovo\anaconda3\envs\fastApiProject\lib\site-packages\sqlalchemy\orm\unitofwork.py:642: in execute
    util.preloaded.orm_persistence.save_obj(
D:\Users\Lenovo\anaconda3\envs\fastApiProject\lib\site-packages\sqlalchemy\orm\persistence.py:93: in save_obj
    _emit_insert_statements(
D:\Users\Lenovo\anaconda3\envs\fastApiProject\lib\site-packages\sqlalchemy\orm\persistence.py:1233: in _emit_insert_statements
    result = connection.execute(
D:\Users\Lenovo\anaconda3\envs\fastApiProject\lib\site-packages\sqlalchemy\engine\base.py:1419: in execute
    return meth(
D:\Users\Lenovo\anaconda3\envs\fastApiProject\lib\site-packages\sqlalchemy\sql\elements.py:527: in _execute_on_connection
    return connection._execute_clauseelement(
D:\Users\Lenovo\anaconda3\envs\fastApiProject\lib\site-packages\sqlalchemy\engine\base.py:1641: in _execute_clauseelement
    ret = self._execute_context(
D:\Users\Lenovo\anaconda3\envs\fastApiProject\lib\site-packages\sqlalchemy\engine\base.py:1846: in _execute_context
    return self._exec_single_context(
D:\Users\Lenovo\anaconda3\envs\fastApiProject\lib\site-packages\sqlalchemy\engine\base.py:1986: in _exec_single_context
    self._handle_dbapi_exception(
D:\Users\Lenovo\anaconda3\envs\fastApiProject\lib\site-packages\sqlalchemy\engine\base.py:2363: in _handle_dbapi_exception
    raise sqlalchemy_exception.with_traceback(exc_info[2]) from e
D:\Users\Lenovo\anaconda3\envs\fastApiProject\lib\site-packages\sqlalchemy\engine\base.py:1967: in _exec_single_context
    self.dialect.do_execute(
D:\Users\Lenovo\anaconda3\envs\fastApiProject\lib\site-packages\sqlalchemy\engine\default.py:952: in do_execute
    cursor.execute(statement, parameters)
D:\Users\Lenovo\anaconda3\envs\fastApiProject\lib\site-packages\pymysql\cursors.py:153: in execute
    result = self._query(query)
D:\Users\Lenovo\anaconda3\envs\fastApiProject\lib\site-packages\pymysql\cursors.py:322: in _query
    conn.query(q)
D:\Users\Lenovo\anaconda3\envs\fastApiProject\lib\site-packages\pymysql\connections.py:575: in query
    self._affected_rows = self._read_query_result(unbuffered=unbuffered)
D:\Users\Lenovo\anaconda3\envs\fastApiProject\lib\site-packages\pymysql\connections.py:826: in _read_query_result
    result.read()
D:\Users\Lenovo\anaconda3\envs\fastApiProject\lib\site-packages\pymysql\connections.py:1203: in read
    first_packet = self.connection._read_packet()
D:\Users\Lenovo\anaconda3\envs\fastApiProject\lib\site-packages\pymysql\connections.py:782: in _read_packet
    packet.raise_for_error()
D:\Users\Lenovo\anaconda3\envs\fastApiProject\lib\site-packages\pymysql\protocol.py:219: in raise_for_error
    err.raise_mysql_exception(self._data)
D:\Users\Lenovo\anaconda3\envs\fastApiProject\lib\site-packages\pymysql\err.py:150: in raise_mysql_exception
    raise errorclass(errno, errval)
E   sqlalchemy.exc.IntegrityError: (pymysql.err.IntegrityError) (1062, "Duplicate entry '泰迪' for key 'breed_name'")
E   [SQL: INSERT INTO dog_breeds (breed_name, avg_life_years, size_category, popularity) VALUES (%(breed_name)s, %(avg_life_years)s, %(size_category)s, %(popularity)s)]
E   [parameters: {'breed_name': '泰迪', 'avg_life_years': 15, 'size_category': '小型', 'popularity': 70}]
E   (Background on this error at: https://sqlalche.me/e/20/gkpj)</failure></testcase><testcase classname="Test.test_breed.TestBreedManagement" name="test_delete_breed" time="0.182" /><testcase classname="Test.test_breed.TestBreedManagement" name="test_non_admin_cannot_add_breed" time="0.163" /><testcase classname="Test.test_breed.TestBreedManagement" name="test_breed_name_validation" time="0.168" /><testcase classname="Test.test_charts" name="test_price_scatter_returns_html" time="0.070" /><testcase classname="Test.test_charts" name="test_price_scatter_returns_string" time="0.025" /><testcase classname="Test.test_charts" name="test_weight_line_returns_string" time="0.025" /><testcase classname="Test.test_charts" name="test_level_bar_returns_string" time="0.032" /><testcase classname="Test.test_charts" name="test_shop_top10_hist_returns_string" time="0.033" /><testcase classname="Test.test_charts" name="test_world_map_returns_string" time="26.684" /><testcase classname="Test.test_custom_analysis" name="test_case" time="0.001"><error message="failed on setup with &quot;file D:\PycharmProjects\fastApiProject\Test\test_framework.py, line 176&#10;  def test_case(test_id, priority='Medium', expected=None):&#10;E       fixture 'test_id' not found&#10;&gt;       available fixtures: _configure_application, _monkeypatch_response_class, _push_request_context, accept_any, accept_json, accept_jsonp, accept_mimetype, admin_client, app, cache, capfd, capfdbinary, caplog, capsys, capsysbinary, capteesys, class_scoped_driver, client, client_class, config, create_test_users, db, doctest_namespace, driver, extra, extras, include_metadata_in_junit_xml, live_server, logged_in_client, login_user, metadata, monkeypatch, pytestconfig, record_property, record_testsuite_property, record_xml_attribute, recwarn, runner, session, session_scoped_driver, subtests, tmp_path, tmp_path_factory, tmpdir, tmpdir_factory&#10;&gt;       use 'pytest --fixtures [testpath]' for help on them.&#10;&#10;D:\PycharmProjects\fastApiProject\Test\test_framework.py:176&quot;">file D:\PycharmProjects\fastApiProject\Test\test_framework.py, line 176
  def test_case(test_id, priority='Medium', expected=None):
E       fixture 'test_id' not found
&gt;       available fixtures: _configure_application, _monkeypatch_response_class, _push_request_context, accept_any, accept_json, accept_jsonp, accept_mimetype, admin_client, app, cache, capfd, capfdbinary, caplog, capsys, capsysbinary, capteesys, class_scoped_driver, client, client_class, config, create_test_users, db, doctest_namespace, driver, extra, extras, include_metadata_in_junit_xml, live_server, logged_in_client, login_user, metadata, monkeypatch, pytestconfig, record_property, record_testsuite_property, record_xml_attribute, recwarn, runner, session, session_scoped_driver, subtests, tmp_path, tmp_path_factory, tmpdir, tmpdir_factory
&gt;       use 'pytest --fixtures [testpath]' for help on them.

D:\PycharmProjects\fastApiProject\Test\test_framework.py:176</error></testcase><testcase classname="Test.test_custom_analysis.TestCustomAnalysis" name="test_upload_csv_file" time="0.361" /><testcase classname="Test.test_custom_analysis.TestCustomAnalysis" name="test_upload_excel_file" time="0.168"><skipped type="pytest.skip" message="需要实际的 Excel 文件支持">D:\PycharmProjects\fastApiProject\Test\test_custom_analysis.py:59: 需要实际的 Excel 文件支持</skipped></testcase><testcase classname="Test.test_custom_analysis.TestCustomAnalysis" name="test_upload_unsupported_format" time="0.171" /><testcase classname="Test.test_custom_analysis.TestCustomAnalysis" name="test_generate_chart" time="0.168" /><testcase classname="Test.test_custom_analysis.TestCustomAnalysis" name="test_access_analysis_page" time="0.007" /><testcase classname="Test.test_custom_analysis.TestDataValidation" name="test_csv_column_detection" time="0.163" /><testcase classname="Test.test_custom_analysis.TestDataValidation" name="test_empty_file_handling" time="0.169"><failure message="assert 500 in [200, 400]&#10; +  where 500 = &lt;WrapperTestResponse streamed [500 INTERNAL SERVER ERROR]&gt;.status_code">Test\test_custom_analysis.py:210: in test_empty_file_handling
    assert response.status_code in [200, 400]
E   assert 500 in [200, 400]
E    +  where 500 = &lt;WrapperTestResponse streamed [500 INTERNAL SERVER ERROR]&gt;.status_code</failure></testcase><testcase classname="Test.test_framework" name="test_case" time="0.001"><error message="failed on setup with &quot;file D:\PycharmProjects\fastApiProject\Test\test_framework.py, line 176&#10;  def test_case(test_id, priority='Medium', expected=None):&#10;E       fixture 'test_id' not found&#10;&gt;       available fixtures: _configure_application, _monkeypatch_response_class, _push_request_context, accept_any, accept_json, accept_jsonp, accept_mimetype, admin_client, app, cache, capfd, capfdbinary, caplog, capsys, capsysbinary, capteesys, class_scoped_driver, client, client_class, config, create_test_users, db, doctest_namespace, driver, extra, extras, include_metadata_in_junit_xml, live_server, logged_in_client, login_user, metadata, monkeypatch, pytestconfig, record_property, record_testsuite_property, record_xml_attribute, recwarn, runner, session, session_scoped_driver, subtests, test_context, tmp_path, tmp_path_factory, tmpdir, tmpdir_factory&#10;&gt;       use 'pytest --fixtures [testpath]' for help on them.&#10;&#10;D:\PycharmProjects\fastApiProject\Test\test_framework.py:176&quot;">file D:\PycharmProjects\fastApiProject\Test\test_framework.py, line 176
  def test_case(test_id, priority='Medium', expected=None):
E       fixture 'test_id' not found
&gt;       available fixtures: _configure_application, _monkeypatch_response_class, _push_request_context, accept_any, accept_json, accept_jsonp, accept_mimetype, admin_client, app, cache, capfd, capfdbinary, caplog, capsys, capsysbinary, capteesys, class_scoped_driver, client, client_class, config, create_test_users, db, doctest_namespace, driver, extra, extras, include_metadata_in_junit_xml, live_server, logged_in_client, login_user, metadata, monkeypatch, pytestconfig, record_property, record_testsuite_property, record_xml_attribute, recwarn, runner, session, session_scoped_driver, subtests, test_context, tmp_path, tmp_path_factory, tmpdir, tmpdir_factory
&gt;       use 'pytest --fixtures [testpath]' for help on them.

D:\PycharmProjects\fastApiProject\Test\test_framework.py:176</error></testcase><testcase classname="Test.test_integration.TestUserRegistrationFlow" name="test_register_new_user" time="0.008" /><testcase classname="Test.test_integration.TestUserRegistrationFlow" name="test_register_duplicate_username" time="0.010" /><testcase classname="Test.test_integration.TestAuthenticationFlow" name="test_login_logout_flow" time="0.142"><failure message="assert '\u767b\u5f55\u6210\u529f' in '&lt;!DOCTYPE html&gt;\n&lt;html lang=&quot;zh-CN&quot;&gt;\n&lt;head&gt;\n    &lt;meta charset=&quot;UTF-8&quot;&gt;\n    &lt;meta name=&quot;viewport&quot; content=&quot;width=device-width, initial-scale=1.0&quot;&gt;\n    &lt;title&gt;\u767b\u5f55 - \u72d7\u72d7\u6570\u636e\u5206\u6790&lt;/title&gt;\n    &lt;!-- \u5f15\u5165 Bootstrap 5 \u5feb\u901f\u7f8e\u5316\uff08\u53ef\u9009\uff09 --&gt;\n    &lt;link href=&quot;https://cdn.jsdelivr.net/npm/bootstrap@5.3.0/dist/css/bootstrap.min.css&quot; rel=&quot;stylesheet&quot;&gt;\n    &lt;!-- ECharts --&gt;\n    &lt;script src=&quot;https://cdn.jsdelivr.net/npm/echarts@5/dist/echarts.min.js&quot;&gt;&lt;/script&gt;\n    &lt;!-- \u5148\u5f15\u5165 jQuery --&gt;\n    &lt;script src=&quot;https://code.jquery.com/jquery-3.7.0.min.js&quot; onerror=&quot;console.warn(\'jQuery \u52a0\u8f7d\u5931\u8d25\uff0c\u90e8\u5206\u529f\u80fd\u53ef\u80fd\u4e0d\u53ef\u7528\')&quot;&gt;&lt;/script&gt;\n    &lt;!-- DataTables \u6837\u5f0f\u548c\u811a\u672c --&gt;\n    &lt;link rel=&quot;stylesheet&quot; href=&quot;https://cdn.datatables.net/1.13.6/css/jquery.dataTables.min.css&quot; onerror=&quot;console.warn(\'DataTables CSS \u52a0\u8f7d\u5931\u8d25\')&quot;&gt;\n    &lt;script src=&quot;https://cdn.datatables.net/1.13.6/js/jquery.dataTables.min.js&quot; onerror=&quot;console.warn(\'DataTables JS \u52a0\u8f7d\u5931\u8d25\uff0c\u5c06\u4f7f\u7528\u57fa\u7840\u8868\u683c\u529f\u80fd\')&quot;&gt;&lt;/script&gt;\n    &lt;!--\u6ce8\u610f Flask \u4e2d\u9759\u6001\u6587\u4ef6\u7684 URL \u9700\u8981\u7528 url_for \u751f\u6210\uff1a--&gt;\n    &lt;link rel=&quot;stylesheet&quot; href=&quot;/static/css/style.css&quot;&gt;\n\n    &lt;link rel=&quot;stylesheet&quot; href=&quot;https://cdn.jsdelivr.net/npm/bootstrap-icons@1.11.3/font/bootstrap-icons.min.css&quot;&gt;\n\n    &lt;!-- CSRF\u4ee4\u724c --&gt;\n    &lt;meta name=&quot;csrf-token&quot; content=&quot;IjUxZWNjMjI4NTExNjM2NWNmNWI4Y2MwZjc5Y2M3OTc1MTMyMTdjNTMi.aeGupA.pZGyYzxzBm_ItxCB22nAkNoV4NQ&quot;&gt;\n\n    &lt;!-- \u7f51\u9875\u5c0f\u5ba0\u7269\u6837\u5f0f --&gt;\n    &lt;link rel=&quot;stylesheet&quot; href=&quot;/static/css/pet.css&quot;&gt;\n\n&lt;!--    &lt;style&gt;--&gt;\n&lt;!--        body { padding-top: 60px; background-color: #f8f9fa; }--&gt;\n&lt;!--        .navbar-brand { font-weight: bold; }--&gt;\n&lt;!--        .chart-container { margin: 20px auto; background: white; border-radius: 8px; padding: 15px; box-shadow: 0 2px 10px rgba(0,0,0,0.1); }--&gt;\n&lt;!--        footer { margin-top: 40px; text-align: center; color: #6c757d; }--&gt;\n&lt;!--    &lt;/style&gt;--&gt;\n    \n&lt;/head&gt;\n&lt;body&gt;\n    &lt;!-- \u5bfc\u822a\u680f --&gt;\n    &lt;nav class=&quot;navbar navbar-expand-lg navbar-dark bg-dark fixed-top&quot;&gt;\n        &lt;div class=&quot;container&quot;&gt;\n            &lt;a class=&quot;navbar-brand&quot; href=&quot;/&quot;&gt;\U0001f436 \u72d7\u72d7\u6570\u636e\u770b\u677f&lt;/a&gt;\n            &lt;button class=&quot;navbar-toggler&quot; type=&quot;button&quot; data-bs-toggle=&quot;collapse&quot; data-bs-target=&quot;#navbarNav&quot; title=&quot;\u5c55\u5f00\u5bfc\u822a\u83dc\u5355&quot;&gt;\n                &lt;span class=&quot;navbar-toggler-icon&quot;&gt;&lt;/span&gt;\n            &lt;/button&gt;\n            &lt;div class=&quot;collapse navbar-collapse&quot; id=&quot;navbarNav&quot;&gt;\n                &lt;ul class=&quot;navbar-nav ms-auto&quot;&gt;\n                    &lt;li class=&quot;nav-item&quot;&gt;&lt;a class=&quot;nav-link&quot; href=&quot;/&quot;&gt;\u9996\u9875&lt;/a&gt;&lt;/li&gt;\n                    &lt;li class=&quot;nav-item&quot;&gt;&lt;a class=&quot;nav-link&quot; href=&quot;/custom-analysis&quot;&gt;\U0001f4ca \u81ea\u5b9a\u4e49\u5206\u6790&lt;/a&gt;&lt;/li&gt;\n                    &lt;li class=&quot;nav-item&quot;&gt;&lt;a class=&quot;nav-link&quot; href=&quot;/admin/breeds&quot;&gt;\U0001f4cb \u54c1\u79cd\u7ba1\u7406&lt;/a&gt;&lt;/li&gt;\n                    &lt;li class=&quot;nav-item&quot;&gt;&lt;a class=&quot;nav-link&quot; href=&quot;/charts&quot;&gt;\u56fe\u8868\u5217\u8868&lt;/a&gt;&lt;/li&gt;\n                    &lt;!-- \u7f51\u9875\u5c0f\u5ba0\u7269\u5165\u53e3 --&gt;\n                    &lt;li class=&quot;nav-item&quot;&gt;\n                        &lt;button class=&quot;btn btn-sm btn-outline-warning ms-2&quot; id=&quot;summon-pet-btn&quot; title=&quot;\u53ec\u5524\u5c0f\u5ba0\u7269&quot;&gt;\n                            \U0001f43e \u5c0f\u5ba0\u7269\n                        &lt;/button&gt;\n                    &lt;/li&gt;\n\n                \n                    &lt;li class=&quot;nav-item&quot;&gt;&lt;a class=&quot;nav-link&quot; href=&quot;/login&quot;&gt;\u767b\u5f55&lt;/a&gt;&lt;/li&gt;\n                    &lt;li class=&quot;nav-item&quot;&gt;&lt;a class=&quot;nav-link&quot; href=&quot;/register&quot;&gt;\u6ce8\u518c&lt;/a&gt;&lt;/li&gt;\n                \n            &lt;/ul&gt;\n            &lt;/div&gt;\n        &lt;/div&gt;\n    &lt;/nav&gt;\n\n    &lt;!-- \u9875\u9762\u5185\u5bb9\u533a\u5757 --&gt;\n    &lt;main class=&quot;container&quot;&gt;\n    &lt;!-- \u663e\u793a flash \u6d88\u606f --&gt;\n    \n        \n            \n                &lt;div class=&quot;alert alert-danger alert-dismissible fade show&quot; role=&quot;alert&quot;&gt;\n                    \u7528\u6237\u540d\u6216\u5bc6\u7801\u9519\u8bef\n                    &lt;button type=&quot;button&quot; class=&quot;btn-close&quot; data-bs-dismiss=&quot;alert&quot; aria-label=&quot;\u5173\u95ed&quot;&gt;&lt;/button&gt;\n                &lt;/div&gt;\n            \n        \n    \n\n    \n&lt;div class=&quot;row justify-content-center&quot;&gt;\n    &lt;div class=&quot;col-md-5 col-lg-4&quot;&gt;\n        &lt;div class=&quot;card&quot; style=&quot;border-radius: var(--border-radius-lg); overflow: hidden;&quot;&gt;\n            &lt;div class=&quot;card-header text-center&quot; style=&quot;background: linear-gradient(135deg, #667eea 0%, #764ba2 100%); padding: 1.5rem;&quot;&gt;\n                &lt;h2 class=&quot;mb-0&quot; style=&quot;color: white; font-size: 1.8rem;&quot;&gt;\U0001f510 \u7528\u6237\u767b\u5f55&lt;/h2&gt;\n            &lt;/div&gt;\n            &lt;div class=&quot;card-body p-4&quot;&gt;\n                &lt;form method=&quot;post&quot;&gt;\n                    &lt;input type=&quot;hidden&quot; name=&quot;csrf_token&quot; value=&quot;IjUxZWNjMjI4NTExNjM2NWNmNWI4Y2MwZjc5Y2M3OTc1MTMyMTdjNTMi.aeGupA.pZGyYzxzBm_ItxCB22nAkNoV4NQ&quot;&gt;\n                    &lt;div class=&quot;mb-4&quot;&gt;\n                        &lt;label for=&quot;username&quot; class=&quot;form-label fw-bold&quot;&gt;\n                            &lt;i class=&quot;bi bi-person&quot;&gt;&lt;/i&gt; \u7528\u6237\u540d\n                        &lt;/label&gt;\n                        &lt;input type=&quot;text&quot; class=&quot;form-control form-control-lg&quot; id=&quot;username&quot; name=&quot;username&quot; required \n                               style=&quot;border-radius: 8px; border: 2px solid #e2e8f0; padding: 0.75rem 1rem;&quot;&gt;\n                    &lt;/div&gt;\n                    &lt;div class=&quot;mb-4&quot;&gt;\n                        &lt;label for=&quot;password&quot; class=&quot;form-label fw-bold&quot;&gt;\n                            &lt;i class=&quot;bi bi-lock&quot;&gt;&lt;/i&gt; \u5bc6\u7801\n                        &lt;/label&gt;\n                        &lt;input type=&quot;password&quot; class=&quot;form-control form-control-lg&quot; id=&quot;password&quot; name=&quot;password&quot; required \n                               style=&quot;border-radius: 8px; border: 2px solid #e2e8f0; padding: 0.75rem 1rem;&quot;&gt;\n                    &lt;/div&gt;\n                    &lt;button type=&quot;submit&quot; class=&quot;btn btn-primary w-100 btn-lg&quot; \n                            style=&quot;background: linear-gradient(135deg, #667eea 0%, #764ba2 100%); border: none; padding: 0.75rem; border-radius: 8px; font-weight: 600;&quot;&gt;\n                        &lt;i class=&quot;bi bi-box-arrow-in-right&quot;&gt;&lt;/i&gt; \u7acb\u5373\u767b\u5f55\n                    &lt;/button&gt;\n                &lt;/form&gt;\n                &lt;div class=&quot;text-center mt-4&quot;&gt;\n                    &lt;p class=&quot;mb-0 text-muted&quot;&gt;\u8fd8\u6ca1\u6709\u8d26\u53f7\uff1f \n                        &lt;a href=&quot;/register&quot; style=&quot;color: #667eea; font-weight: 600; text-decoration: none;&quot;&gt;\n                            \u7acb\u5373\u6ce8\u518c \u2192\n                        &lt;/a&gt;\n                    &lt;/p&gt;\n                &lt;/div&gt;\n            &lt;/div&gt;\n        &lt;/div&gt;\n    &lt;/div&gt;\n&lt;/div&gt;\n\n    &lt;/main&gt;\n\n    &lt;!-- \u9875\u811a --&gt;\n    &lt;footer class=&quot;container&quot;&gt;\n        &lt;p&gt;\xa9 2025 \u72d7\u72d7\u6570\u636e\u5206\u6790 \xb7 \u7531 Flask + PyECharts \u9a71\u52a8&lt;/p&gt;\n    &lt;/footer&gt;\n\n    &lt;!-- Bootstrap JS\uff08\u7528\u4e8e\u4e0b\u62c9\u83dc\u5355\u7b49\uff09 --&gt;\n    &lt;script src=&quot;https://cdn.jsdelivr.net/npm/bootstrap@5.3.0/dist/js/bootstrap.bundle.min.js&quot;&gt;&lt;/script&gt;\n    \n    &lt;!-- \u7f51\u9875\u5c0f\u5ba0\u7269\u811a\u672c --&gt;\n    &lt;!-- \u5148\u52a0\u8f7d\u65e5\u5fd7\u7cfb\u7edf --&gt;\n    &lt;script src=&quot;/static/js/pet-logger.js?v=4.0.0&quot;&gt;&lt;/script&gt;\n    &lt;!-- \u518d\u52a0\u8f7d\u5ba0\u7269\u811a\u672c --&gt;\n    &lt;script src=&quot;/static/js/pet.js?v=4.0.0&quot;&gt;&lt;/script&gt;\n    \n    &lt;!-- \u521d\u59cb\u5316\u5c0f\u5ba0\u7269\uff08\u786e\u4fdd\u53ea\u6267\u884c\u4e00\u6b21\uff0c\u5ef6\u8fdf\u51fa\u73b0\u7ed9\u60ca\u559c\uff09 --&gt;\n    &lt;script&gt;\n        // \u4f7f\u7528\u65e5\u5fd7\u7cfb\u7edf\u8bb0\u5f55\u6240\u6709\u521d\u59cb\u5316\u5c1d\u8bd5\n        window.PetLogger.info(\'INIT\', \'========== \u811a\u672c\u5f00\u59cb\u6267\u884c ==========\');\n        window.PetLogger.info(\'INIT\', \'window.petInitDone \u72b6\u6001\', window.petInitDone);\n        \n        // \u5982\u679c\u5df2\u7ecf\u6709\u865a\u62df\u5ba0\u7269\u5b9e\u4f8b\uff0c\u76f4\u63a5\u8df3\u8fc7\n        if (window.virtualPet &amp;&amp; window.virtualPet.container) {\n            window.PetLogger.warn(\'INIT\', \'\u865a\u62df\u5ba0\u7269\u5df2\u7ecf\u5b58\u5728\uff0c\u8df3\u8fc7\u521d\u59cb\u5316\');\n            console.log(\'\u26a0\ufe0f \u865a\u62df\u5ba0\u7269\u5df2\u7ecf\u5b58\u5728\uff0c\u8df3\u8fc7\u521d\u59cb\u5316\');\n        } else if (!window.petInitDone) {\n            window.petInitDone = true;\n            window.PetLogger.info(\'INIT\', \'\u8bbe\u7f6e petInitDone = true\');\n            \n            // \u9875\u9762\u5b8c\u5168\u52a0\u8f7d\u540e\u5ef6\u8fdf\u521d\u59cb\u5316\u5ba0\u7269\uff083 \u79d2\u540e\u51fa\u73b0\uff0c\u7ed9\u60ca\u559c\uff09\n            window.addEventListener(\'load\', async () =&gt; {\n                window.PetLogger.info(\'INIT\', \'load \u4e8b\u4ef6\u89e6\u53d1\');\n                window.PetLogger.info(\'INIT\', \'petInitializing \u72b6\u6001\', window.petInitializing);\n                \n                // \u4f7f\u7528\u521d\u59cb\u5316\u9501\uff0c\u9632\u6b62\u91cd\u590d\u6267\u884c\n                if (window.petInitializing) {\n                    window.PetLogger.warn(\'INIT\', \'\u5ba0\u7269\u6b63\u5728\u521d\u59cb\u5316\u4e2d\uff0c\u8df3\u8fc7...\');\n                    return;\n                }\n                window.petInitializing = true;\n                window.PetLogger.info(\'INIT\', \'\u8bbe\u7f6e petInitializing = true\');\n                \n                try {\n                    // \u5f3a\u5236\u6e05\u7406\u6240\u6709\u65e7\u5b9e\u4f8b\n                    window.PetLogger.info(\'CLEANUP\', \'\u5f00\u59cb\u6e05\u7406\u65e7\u5b9e\u4f8b\');\n                    \n                    if (window.virtualPet) {\n                        window.PetLogger.warn(\'CLEANUP\', \'\u53d1\u73b0\u65e7\u5b9e\u4f8b\uff0c\u9500\u6bc1\u4e2d...\');\n                        if (window.virtualPet.destroy) {\n                            window.virtualPet.destroy();\n                        }\n                    }\n                    \n                    // \u6e05\u7406\u5bb9\u5668\n                    const oldContainers = document.querySelectorAll(\'#virtual-pet-container\');\n                    window.PetLogger.info(\'CLEANUP\', \'\u627e\u5230\u65e7\u5bb9\u5668\u6570\u91cf\', oldContainers.length);\n                    oldContainers.forEach((el, index) =&gt; {\n                        window.PetLogger.info(\'CLEANUP\', `\u5220\u9664\u5bb9\u5668 #${index}`);\n                        el.remove();\n                    });\n                    \n                    // \u6e05\u7406\u53ec\u5524\u6309\u94ae\n                    const summonBtn = document.getElementById(\'summon-pet-btn\');\n                    if (summonBtn) {\n                        window.PetLogger.info(\'CLEANUP\', \'\u5220\u9664\u53ec\u5524\u6309\u94ae\');\n                        summonBtn.remove();\n                    }\n                    \n                    // \u5ef6\u8fdf 3 \u79d2\u51fa\u73b0\uff08\u7ed9\u60ca\u559c\uff09\n                    window.PetLogger.info(\'INIT\', \'\u8bbe\u7f6e 3 \u79d2\u5ef6\u8fdf\');\n                    setTimeout(async () =&gt; {\n                        window.PetLogger.info(\'INIT\', \'3 \u79d2\u5ef6\u8fdf\u5230\u671f\uff0c\u5f00\u59cb\u521d\u59cb\u5316\');\n                        try {\n                            window.PetLogger.info(\'CONSTRUCTOR\', \'\u521b\u5efa VirtualPet \u5b9e\u4f8b\');\n                            window.virtualPet = new VirtualPet({\n                                petName: \'\u56e2\u56e2\',\n                                petType: \'q-version\',\n                                autoHideTimeout: 60000\n                            });\n                            window.PetLogger.info(\'INIT\', \'VirtualPet \u5b9e\u4f8b\u521b\u5efa\u5b8c\u6210\uff0c\u5f00\u59cb init()\');\n                            await window.virtualPet.init();\n                            window.PetLogger.info(\'INIT\', \'\u2705 2D Q \u7248\u56e2\u56e2\u5df2\u5c31\u4f4d\uff01\');\n                        } catch (error) {\n                            window.PetLogger.error(\'INIT\', \'\u5c0f\u5ba0\u7269\u521d\u59cb\u5316\u5931\u8d25\', error);\n                        } finally {\n                            window.petInitializing = false;\n                            window.PetLogger.info(\'INIT\', \'\u91ca\u653e\u9501 petInitializing = false\');\n                        }\n                    }, 3000);  // 3 \u79d2\u540e\u51fa\u73b0\n                } catch (error) {\n                    window.PetLogger.error(\'INIT\', \'\u521d\u59cb\u5316\u8fc7\u7a0b\u51fa\u9519\', error);\n                    window.petInitializing = false;\n                }\n            });\n            \n            window.PetLogger.info(\'INIT\', \'load \u4e8b\u4ef6\u76d1\u542c\u5668\u6ce8\u518c\u5b8c\u6210\');\n        } else {\n            window.PetLogger.warn(\'INIT\', \'petInitDone \u5df2\u4e3a true\uff0c\u8df3\u8fc7\u521d\u59cb\u5316\');\n        }\n    &lt;/script&gt;\n    \n    &lt;!-- \u53ec\u5524\u5ba0\u7269\u6309\u94ae\u529f\u80fd --&gt;\n    &lt;script&gt;\n        // \u9875\u9762\u52a0\u8f7d\u5b8c\u6210\u540e\u521d\u59cb\u5316\u53ec\u5524\u6309\u94ae\n        document.addEventListener(\'DOMContentLoaded\', function() {\n            const summonBtn = document.getElementById(\'summon-pet-btn\');\n            if (summonBtn) {\n                summonBtn.addEventListener(\'click\', function() {\n                    // \u89e6\u53d1\u5ba0\u7269\u7684\u53ec\u5524\u4e8b\u4ef6\n                    window.dispatchEvent(new CustomEvent(\'summonPet\'));\n                 
[...]
E   	chromedriver!GetHandleVerifier [0xfb5a92+197a2]
E   	chromedriver!GetHandleVerifier [0xf9ee9a+2baa]
E   	KERNEL32!BaseThreadInitThunk [0x76a95d49+19]
E   	ntdll!RtlInitializeExceptionChain [0x77e0d83b+6b]
E   	ntdll!RtlGetAppContainerNamedObjectPath [0x77e0d7c1+231]</error></testcase><testcase classname="Test.test_virtual_pet_selenium.TestVirtualPetSelenium" name="test_summon_button_appears" time="11.574"><error message="failed on setup with &quot;selenium.common.exceptions.WebDriverException: Message: unknown error: net::ERR_CONNECTION_REFUSED&#10;  (Session info: chrome=146.0.7680.165)&#10;Stacktrace:&#10;&#09;chromedriver!GetHandleVerifier [0xfacdf3+10b03]&#10;&#09;chromedriver!GetHandleVerifier [0xfacf24+10c34]&#10;&#09;chromedriver!(No symbol) [0xd92120]&#10;&#09;chromedriver!(No symbol) [0xd8f62e]&#10;&#09;chromedriver!(No symbol) [0xd82714]&#10;&#09;chromedriver!(No symbol) [0xd8417c]&#10;&#09;chromedriver!(No symbol) [0xd82bb2]&#10;&#09;chromedriver!(No symbol) [0xd824e5]&#10;&#09;chromedriver!(No symbol) [0xd821e5]&#10;&#09;chromedriver!(No symbol) [0xd802f8]&#10;&#09;chromedriver!(No symbol) [0xd80a0a]&#10;&#09;chromedriver!(No symbol) [0xd95bbe]&#10;&#09;chromedriver!(No symbol) [0xe1b3f4]&#10;&#09;chromedriver!(No symbol) [0xdfdb0c]&#10;&#09;chromedriver!(No symbol) [0xe1a9a5]&#10;&#09;chromedriver!(No symbol) [0xdfd8a6]&#10;&#09;chromedriver!(No symbol) [0xdd0229]&#10;&#09;chromedriver!(No symbol) [0xdd0fe4]&#10;&#09;chromedriver!GetHandleVerifier [0x12148b9+2785c9]&#10;&#09;chromedriver!GetHandleVerifier [0x120feb5+273bc5]&#10;&#09;chromedriver!GetHandleVerifier [0x122e06b+291d7b]&#10;&#09;chromedriver!GetHandleVerifier [0xfc5cc8+299d8]&#10;&#09;chromedriver!GetHandleVerifier [0xfcd9fd+3170d]&#10;&#09;chromedriver!GetHandleVerifier [0xfb58c8+195d8]&#10;&#09;chromedriver!GetHandleVerifier [0xfb5a92+197a2]&#10;&#09;chromedriver!GetHandleVerifier [0xf9ee9a+2baa]&#10;&#09;KERNEL32!BaseThreadInitThunk [0x76a95d49+19]&#10;&#09;ntdll!RtlInitializeExceptionChain [0x77e0d83b+6b]&#10;&#09;ntdll!RtlGetAppContainerNamedObjectPath [0x77e0d7c1+231]&quot;">Test\test_virtual_pet_selenium.py:41: in pet_page
    driver.get("http://localhost:5000/")
D:\Users\Lenovo\anaconda3\envs\fastApiProject\lib\site-packages\selenium\webdriver\remote\webdriver.py:466: in get
    self.execute(Command.GET, {"url": url})
D:\Users\Lenovo\anaconda3\envs\fastApiProject\lib\site-packages\selenium\webdriver\remote\webdriver.py:446: in execute
    self.error_handler.check_response(response)
D:\Users\Lenovo\anaconda3\envs\fastApiProject\lib\site-packages\selenium\webdriver\remote\errorhandler.py:232: in check_response
    raise exception_class(message, screen, stacktrace)
E   selenium.common.exceptions.WebDriverException: Message: unknown error: net::ERR_CONNECTION_REFUSED
E     (Session info: chrome=146.0.7680.165)
E   Stacktrace:
E   	chromedriver!GetHandleVerifier [0xfacdf3+10b03]
E   	chromedriver!GetHandleVerifier [0xfacf24+10c34]
E   	chromedriver!(No symbol) [0xd92120]
E   	chromedriver!(No symbol) [0xd8f62e]
E   	chromedriver!(No symbol) [0xd82714]
E   	chromedriver!(No symbol) [0xd8417c]
E   	chromedriver!(No symbol) [0xd82bb2]
E   	chromedriver!(No symbol) [0xd824e5]
E   	chromedriver!(No symbol) [0xd821e5]
E   	chromedriver!(No symbol) [0xd802f8]
E   	chromedriver!(No symbol) [0xd80a0a]
E   	chromedriver!(No symbol) [0xd95bbe]
E   	chromedriver!(No symbol) [0xe1b3f4]
E   	chromedriver!(No symbol) [0xdfdb0c]
E   	chromedriver!(No symbol) [0xe1a9a5]
E   	chromedriver!(No symbol) [0xdfd8a6]
E   	chromedriver!(No symbol) [0xdd0229]
E   	chromedriver!(No symbol) [0xdd0fe4]
E   	chromedriver!GetHandleVerifier [0x12148b9+2785c9]
E   	chromedriver!GetHandleVerifier [0x120feb5+273bc5]
E   	chromedriver!GetHandleVerifier [0x122e06b+291d7b]
E   	chromedriver!GetHandleVerifier [0xfc5cc8+299d8]
E   	chromedriver!GetHandleVerifier [0xfcd9fd+3170d]
E   	chromedriver!GetHandleVerifier [0xfb58c8+195d8]
E   	chromedriver!GetHandleVerifier [0xfb5a92+197a2]
E   	chromedriver!GetHandleVerifier [0xf9ee9a+2baa]
E   	KERNEL32!BaseThreadInitThunk [0x76a95d49+19]
E   	ntdll!RtlInitializeExceptionChain [0x77e0d83b+6b]
E   	ntdll!RtlGetAppContainerNamedObjectPath [0x77e0d7c1+231]</error></testcase><testcase classname="Test.test_virtual_pet_selenium.TestVirtualPetSelenium" name="test_local_storage" time="11.482"><error message="failed on setup with &quot;selenium.common.exceptions.WebDriverException: Message: unknown error: net::ERR_CONNECTION_REFUSED&#10;  (Session info: chrome=146.0.7680.165)&#10;Stacktrace:&#10;&#09;chromedriver!GetHandleVerifier [0xfacdf3+10b03]&#10;&#09;chromedriver!GetHandleVerifier [0xfacf24+10c34]&#10;&#09;chromedriver!(No symbol) [0xd92120]&#10;&#09;chromedriver!(No symbol) [0xd8f62e]&#10;&#09;chromedriver!(No symbol) [0xd82714]&#10;&#09;chromedriver!(No symbol) [0xd8417c]&#10;&#09;chromedriver!(No symbol) [0xd82bb2]&#10;&#09;chromedriver!(No symbol) [0xd824e5]&#10;&#09;chromedriver!(No symbol) [0xd821e5]&#10;&#09;chromedriver!(No symbol) [0xd802f8]&#10;&#09;chromedriver!(No symbol) [0xd80a0a]&#10;&#09;chromedriver!(No symbol) [0xd95bbe]&#10;&#09;chromedriver!(No symbol) [0xe1b3f4]&#10;&#09;chromedriver!(No symbol) [0xdfdb0c]&#10;&#09;chromedriver!(No symbol) [0xe1a9a5]&#10;&#09;chromedriver!(No symbol) [0xdfd8a6]&#10;&#09;chromedriver!(No symbol) [0xdd0229]&#10;&#09;chromedriver!(No symbol) [0xdd0fe4]&#10;&#09;chromedriver!GetHandleVerifier [0x12148b9+2785c9]&#10;&#09;chromedriver!GetHandleVerifier [0x120feb5+273bc5]&#10;&#09;chromedriver!GetHandleVerifier [0x122e06b+291d7b]&#10;&#09;chromedriver!GetHandleVerifier [0xfc5cc8+299d8]&#10;&#09;chromedriver!GetHandleVerifier [0xfcd9fd+3170d]&#10;&#09;chromedriver!GetHandleVerifier [0xfb58c8+195d8]&#10;&#09;chromedriver!GetHandleVerifier [0xfb5a92+197a2]&#10;&#09;chromedriver!GetHandleVerifier [0xf9ee9a+2baa]&#10;&#09;KERNEL32!BaseThreadInitThunk [0x76a95d49+19]&#10;&#09;ntdll!RtlInitializeExceptionChain [0x77e0d83b+6b]&#10;&#09;ntdll!RtlGetAppContainerNamedObjectPath [0x77e0d7c1+231]&quot;">Test\test_virtual_pet_selenium.py:41: in pet_page
    driver.get("http://localhost:5000/")
D:\Users\Lenovo\anaconda3\envs\fastApiProject\lib\site-packages\selenium\webdriver\remote\webdriver.py:466: in get
    self.execute(Command.GET, {"url": url})
D:\Users\Lenovo\anaconda3\envs\fastApiProject\lib\site-packages\selenium\webdriver\remote\webdriver.py:446: in execute
    self.error_handler.check_response(response)
D:\Users\Lenovo\anaconda3\envs\fastApiProject\lib\site-packages\selenium\webdriver\remote\errorhandler.py:232: in check_response
    raise exception_class(message, screen, stacktrace)
E   selenium.common.exceptions.WebDriverException: Message: unknown error: net::ERR_CONNECTION_REFUSED
E     (Session info: chrome=146.0.7680.165)
E   Stacktrace:
E   	chromedriver!GetHandleVerifier [0xfacdf3+10b03]
E   	chromedriver!GetHandleVerifier [0xfacf24+10c34]
E   	chromedriver!(No symbol) [0xd92120]
E   	chromedriver!(No symbol) [0xd8f62e]
E   	chromedriver!(No symbol) [0xd82714]
E   	chromedriver!(No symbol) [0xd8417c]
E   	chromedriver!(No symbol) [0xd82bb2]
E   	chromedriver!(No symbol) [0xd824e5]
E   	chromedriver!(No symbol) [0xd821e5]
E   	chromedriver!(No symbol) [0xd802f8]
E   	chromedriver!(No symbol) [0xd80a0a]
E   	chromedriver!(No symbol) [0xd95bbe]
E   	chromedriver!(No symbol) [0xe1b3f4]
E   	chromedriver!(No symbol) [0xdfdb0c]
E   	chromedriver!(No symbol) [0xe1a9a5]
E   	chromedriver!(No symbol) [0xdfd8a6]
E   	chromedriver!(No symbol) [0xdd0229]
E   	chromedriver!(No symbol) [0xdd0fe4]
E   	chromedriver!GetHandleVerifier [0x12148b9+2785c9]
E   	chromedriver!GetHandleVerifier [0x120feb5+273bc5]
E   	chromedriver!GetHandleVerifier [0x122e06b+291d7b]
E   	chromedriver!GetHandleVerifier [0xfc5cc8+299d8]
E   	chromedriver!GetHandleVerifier [0xfcd9fd+3170d]
E   	chromedriver!GetHandleVerifier [0xfb58c8+195d8]
E   	chromedriver!GetHandleVerifier [0xfb5a92+197a2]
E   	chromedriver!GetHandleVerifier [0xf9ee9a+2baa]
E   	KERNEL32!BaseThreadInitThunk [0x76a95d49+19]
E   	ntdll!RtlInitializeExceptionChain [0x77e0d83b+6b]
E   	ntdll!RtlGetAppContainerNamedObjectPath [0x77e0d7c1+231]</error></testcase><testcase classname="Test.test_virtual_pet_selenium.TestVirtualPetSelenium" name="test_pet_name_display" time="11.502"><error message="failed on setup with &quot;selenium.common.exceptions.WebDriverException: Message: unknown error: net::ERR_CONNECTION_REFUSED&#10;  (Session info: chrome=146.0.7680.165)&#10;Stacktrace:&#10;&#09;chromedriver!GetHandleVerifier [0xfacdf3+10b03]&#10;&#09;chromedriver!GetHandleVerifier [0xfacf24+10c34]&#10;&#09;chromedriver!(No symbol) [0xd92120]&#10;&#09;chromedriver!(No symbol) [0xd8f62e]&#10;&#09;chromedriver!(No symbol) [0xd82714]&#10;&#09;chromedriver!(No symbol) [0xd8417c]&#10;&#09;chromedriver!(No symbol) [0xd82bb2]&#10;&#09;chromedriver!(No symbol) [0xd824e5]&#10;&#09;chromedriver!(No symbol) [0xd821e5]&#10;&#09;chromedriver!(No symbol) [0xd802f8]&#10;&#09;chromedriver!(No symbol) [0xd80a0a]&#10;&#09;chromedriver!(No symbol) [0xd95bbe]&#10;&#09;chromedriver!(No symbol) [0xe1b3f4]&#10;&#09;chromedriver!(No symbol) [0xdfdb0c]&#10;&#09;chromedriver!(No symbol) [0xe1a9a5]&#10;&#09;chromedriver!(No symbol) [0xdfd8a6]&#10;&#09;chromedriver!(No symbol) [0xdd0229]&#10;&#09;chromedriver!(No symbol) [0xdd0fe4]&#10;&#09;chromedriver!GetHandleVerifier [0x12148b9+2785c9]&#10;&#09;chromedriver!GetHandleVerifier [0x120feb5+273bc5]&#10;&#09;chromedriver!GetHandleVerifier [0x122e06b+291d7b]&#10;&#09;chromedriver!GetHandleVerifier [0xfc5cc8+299d8]&#10;&#09;chromedriver!GetHandleVerifier [0xfcd9fd+3170d]&#10;&#09;chromedriver!GetHandleVerifier [0xfb58c8+195d8]&#10;&#09;chromedriver!GetHandleVerifier [0xfb5a92+197a2]&#10;&#09;chromedriver!GetHandleVerifier [0xf9ee9a+2baa]&#10;&#09;KERNEL32!BaseThreadInitThunk [0x76a95d49+19]&#10;&#09;ntdll!RtlInitializeExceptionChain [0x77e0d83b+6b]&#10;&#09;ntdll!RtlGetAppContainerNamedObjectPath [0x77e0d7c1+231]&quot;">Test\test_virtual_pet_selenium.py:41: in pet_page
    driver.get("http://localhost:5000/")
D:\Users\Lenovo\anaconda3\envs\fastApiProject\lib\site-packages\selenium\webdriver\remote\webdriver.py:466: in get
    self.execute(Command.GET, {"url": url})
D:\Users\Lenovo\anaconda3\envs\fastApiProject\lib\site-packages\selenium\webdriver\remote\webdriver.py:446: in execute
    self.error_handler.check_response(response)
D:\Users\Lenovo\anaconda3\envs\fastApiProject\lib\site-packages\selenium\webdriver\remote\errorhandler.py:232: in check_response
    raise exception_class(message, screen, stacktrace)
E   selenium.common.exceptions.WebDriverException: Message: unknown error: net::ERR_CONNECTION_REFUSED
E     (Session info: chrome=146.0.7680.165)
E   Stacktrace:
E   	chromedriver!GetHandleVerifier [0xfacdf3+10b03]
E   	chromedriver!GetHandleVerifier [0xfacf24+10c34]
E   	chromedriver!(No symbol) [0xd92120]
E   	chromedriver!(No symbol) [0xd8f62e]
E   	chromedriver!(No symbol) [0xd82714]
E   	chromedriver!(No symbol) [0xd8417c]
E   	chromedriver!(No symbol) [0xd82bb2]
E   	chromedriver!(No symbol) [0xd824e5]
E   	chromedriver!(No symbol) [0xd821e5]
E   	chromedriver!(No symbol) [0xd802f8]
E   	chromedriver!(No symbol) [0xd80a0a]
E   	chromedriver!(No symbol) [0xd95bbe]
E   	chromedriver!(No symbol) [0xe1b3f4]
E   	chromedriver!(No symbol) [0xdfdb0c]
E   	chromedriver!(No symbol) [0xe1a9a5]
E   	chromedriver!(No symbol) [0xdfd8a6]
E   	chromedriver!(No symbol) [0xdd0229]
E   	chromedriver!(No symbol) [0xdd0fe4]
E   	chromedriver!GetHandleVerifier [0x12148b9+2785c9]
E   	chromedriver!GetHandleVerifier [0x120feb5+273bc5]
E   	chromedriver!GetHandleVerifier [0x122e06b+291d7b]
E   	chromedriver!GetHandleVerifier [0xfc5cc8+299d8]
E   	chromedriver!GetHandleVerifier [0xfcd9fd+3170d]
E   	chromedriver!GetHandleVerifier [0xfb58c8+195d8]
E   	chromedriver!GetHandleVerifier [0xfb5a92+197a2]
E   	chromedriver!GetHandleVerifier [0xf9ee9a+2baa]
E   	KERNEL32!BaseThreadInitThunk [0x76a95d49+19]
E   	ntdll!RtlInitializeExceptionChain [0x77e0d83b+6b]
E   	ntdll!RtlGetAppContainerNamedObjectPath [0x77e0d7c1+231]</error></testcase><testcase classname="Test.test_virtual_pet_selenium.TestVirtualPetSelenium" name="test_mouse_hover" time="14.061"><error message="failed on setup with &quot;selenium.common.exceptions.WebDriverException: Message: unknown error: net::ERR_CONNECTION_REFUSED&#10;  (Session info: chrome=146.0.7680.165)&#10;Stacktrace:&#10;&#09;chromedriver!GetHandleVerifier [0xfacdf3+10b03]&#10;&#09;chromedriver!GetHandleVerifier [0xfacf24+10c34]&#10;&#09;chromedriver!(No symbol) [0xd92120]&#10;&#09;chromedriver!(No symbol) [0xd8f62e]&#10;&#09;chromedriver!(No symbol) [0xd82714]&#10;&#09;chromedriver!(No symbol) [0xd8417c]&#10;&#09;chromedriver!(No symbol) [0xd82bb2]&#10;&#09;chromedriver!(No symbol) [0xd824e5]&#10;&#09;chromedriver!(No symbol) [0xd821e5]&#10;&#09;chromedriver!(No symbol) [0xd802f8]&#10;&#09;chromedriver!(No symbol) [0xd80a0a]&#10;&#09;chromedriver!(No symbol) [0xd95bbe]&#10;&#09;chromedriver!(No symbol) [0xe1b3f4]&#10;&#09;chromedriver!(No symbol) [0xdfdb0c]&#10;&#09;chromedriver!(No symbol) [0xe1a9a5]&#10;&#09;chromedriver!(No symbol) [0xdfd8a6]&#10;&#09;chromedriver!(No symbol) [0xdd0229]&#10;&#09;chromedriver!(No symbol) [0xdd0fe4]&#10;&#09;chromedriver!GetHandleVerifier [0x12148b9+2785c9]&#10;&#09;chromedriver!GetHandleVerifier [0x120feb5+273bc5]&#10;&#09;chromedriver!GetHandleVerifier [0x122e06b+291d7b]&#10;&#09;chromedriver!GetHandleVerifier [0xfc5cc8+299d8]&#10;&#09;chromedriver!GetHandleVerifier [0xfcd9fd+3170d]&#10;&#09;chromedriver!GetHandleVerifier [0xfb58c8+195d8]&#10;&#09;chromedriver!GetHandleVerifier [0xfb5a92+197a2]&#10;&#09;chromedriver!GetHandleVerifier [0xf9ee9a+2baa]&#10;&#09;KERNEL32!BaseThreadInitThunk [0x76a95d49+19]&#10;&#09;ntdll!RtlInitializeExceptionChain [0x77e0d83b+6b]&#10;&#09;ntdll!RtlGetAppContainerNamedObjectPath [0x77e0d7c1+231]&quot;">Test\test_virtual_pet_selenium.py:41: in pet_page
    driver.get("http://localhost:5000/")
D:\Users\Lenovo\anaconda3\envs\fastApiProject\lib\site-packages\selenium\webdriver\remote\webdriver.py:466: in get
    self.execute(Command.GET, {"url": url})
D:\Users\Lenovo\anaconda3\envs\fastApiProject\lib\site-packages\selenium\webdriver\remote\webdriver.py:446: in execute
    self.error_handler.check_response(response)
D:\Users\Lenovo\anaconda3\envs\fastApiProject\lib\site-packages\selenium\webdriver\remote\errorhandler.py:232: in check_response
    raise exception_class(message, screen, stacktrace)
E   selenium.common.exceptions.WebDriverException: Message: unknown error: net::ERR_CONNECTION_REFUSED
E     (Session info: chrome=146.0.7680.165)
E   Stacktrace:
E   	chromedriver!GetHandleVerifier [0xfacdf3+10b03]
E   	chromedriver!GetHandleVerifier [0xfacf24+10c34]
E   	chromedriver!(No symbol) [0xd92120]
E   	chromedriver!(No symbol) [0xd8f62e]
E   	chromedriver!(No symbol) [0xd82714]
E   	chromedriver!(No symbol) [0xd8417c]
E   	chromedriver!(No symbol) [0xd82bb2]
E   	chromedriver!(No symbol) [0xd824e5]
E   	chromedriver!(No symbol) [0xd821e5]
E   	chromedriver!(No symbol) [0xd802f8]
E   	chromedriver!(No symbol) [0xd80a0a]
E   	chromedriver!(No symbol) [0xd95bbe]
E   	chromedriver!(No symbol) [0xe1b3f4]
E   	chromedriver!(No symbol) [0xdfdb0c]
E   	chromedriver!(No symbol) [0xe1a9a5]
E   	chromedriver!(No symbol) [0xdfd8a6]
E   	chromedriver!(No symbol) [0xdd0229]
E   	chromedriver!(No symbol) [0xdd0fe4]
E   	chromedriver!GetHandleVerifier [0x12148b9+2785c9]
E   	chromedriver!GetHandleVerifier [0x120feb5+273bc5]
E   	chromedriver!GetHandleVerifier [0x122e06b+291d7b]
E   	chromedriver!GetHandleVerifier [0xfc5cc8+299d8]
E   	chromedriver!GetHandleVerifier [0xfcd9fd+3170d]
E   	chromedriver!GetHandleVerifier [0xfb58c8+195d8]
E   	chromedriver!GetHandleVerifier [0xfb5a92+197a2]
E   	chromedriver!GetHandleVerifier [0xf9ee9a+2baa]
E   	KERNEL32!BaseThreadInitThunk [0x76a95d49+19]
E   	ntdll!RtlInitializeExceptionChain [0x77e0d83b+6b]
E   	ntdll!RtlGetAppContainerNamedObjectPath [0x77e0d7c1+231]</error></testcase><testcase classname="Test.test_virtual_pet_selenium.TestPetPerformanceSelenium" name="test_load_time" time="11.234"><failure message="selenium.common.exceptions.WebDriverException: Message: unknown error: net::ERR_CONNECTION_REFUSED&#10;  (Session info: chrome=146.0.7680.165)&#10;Stacktrace:&#10;&#09;chromedriver!GetHandleVerifier [0xfacdf3+10b03]&#10;&#09;chromedriver!GetHandleVerifier [0xfacf24+10c34]&#10;&#09;chromedriver!(No symbol) [0xd92120]&#10;&#09;chromedriver!(No symbol) [0xd8f62e]&#10;&#09;chromedriver!(No symbol) [0xd82714]&#10;&#09;chromedriver!(No symbol) [0xd8417c]&#10;&#09;chromedriver!(No symbol) [0xd82bb2]&#10;&#09;chromedriver!(No symbol) [0xd824e5]&#10;&#09;chromedriver!(No symbol) [0xd821e5]&#10;&#09;chromedriver!(No symbol) [0xd802f8]&#10;&#09;chromedriver!(No symbol) [0xd80a0a]&#10;&#09;chromedriver!(No symbol) [0xd95bbe]&#10;&#09;chromedriver!(No symbol) [0xe1b3f4]&#10;&#09;chromedriver!(No symbol) [0xdfdb0c]&#10;&#09;chromedriver!(No symbol) [0xe1a9a5]&#10;&#09;chromedriver!(No symbol) [0xdfd8a6]&#10;&#09;chromedriver!(No symbol) [0xdd0229]&#10;&#09;chromedriver!(No symbol) [0xdd0fe4]&#10;&#09;chromedriver!GetHandleVerifier [0x12148b9+2785c9]&#10;&#09;chromedriver!GetHandleVerifier [0x120feb5+273bc5]&#10;&#09;chromedriver!GetHandleVerifier [0x122e06b+291d7b]&#10;&#09;chromedriver!GetHandleVerifier [0xfc5cc8+299d8]&#10;&#09;chromedriver!GetHandleVerifier [0xfcd9fd+3170d]&#10;&#09;chromedriver!GetHandleVerifier [0xfb58c8+195d8]&#10;&#09;chromedriver!GetHandleVerifier [0xfb5a92+197a2]&#10;&#09;chromedriver!GetHandleVerifier [0xf9ee9a+2baa]&#10;&#09;KERNEL32!BaseThreadInitThunk [0x76a95d49+19]&#10;&#09;ntdll!RtlInitializeExceptionChain [0x77e0d83b+6b]&#10;&#09;ntdll!RtlGetAppContainerNamedObjectPath [0x77e0d7c1+231]">Test\test_virtual_pet_selenium.py:273: in test_load_time
    driver.get("http://localhost:5000/")
D:\Users\Lenovo\anaconda3\envs\fastApiProject\lib\site-packages\selenium\webdriver\remote\webdriver.py:466: in get
    self.execute(Command.GET, {"url": url})
D:\Users\Lenovo\anaconda3\envs\fastApiProject\lib\site-packages\selenium\webdriver\remote\webdriver.py:446: in execute
    self.error_handler.check_response(response)
D:\Users\Lenovo\anaconda3\envs\fastApiProject\lib\site-packages\selenium\webdriver\remote\errorhandler.py:232: in check_response
    raise exception_class(message, screen, stacktrace)
E   selenium.common.exceptions.WebDriverException: Message: unknown error: net::ERR_CONNECTION_REFUSED
E     (Session info: chrome=146.0.7680.165)
E   Stacktrace:
E   	chromedriver!GetHandleVerifier [0xfacdf3+10b03]
E   	chromedriver!GetHandleVerifier [0xfacf24+10c34]
E   	chromedriver!(No symbol) [0xd92120]
E   	chromedriver!(No symbol) [0xd8f62e]
E   	chromedriver!(No symbol) [0xd82714]
E   	chromedriver!(No symbol) [0xd8417c]
E   	chromedriver!(No symbol) [0xd82bb2]
E   	chromedriver!(No symbol) [0xd824e5]
E   	chromedriver!(No symbol) [0xd821e5]
E   	chromedriver!(No symbol) [0xd802f8]
E   	chromedriver!(No symbol) [0xd80a0a]
E   	chromedriver!(No symbol) [0xd95bbe]
E   	chromedriver!(No symbol) [0xe1b3f4]
E   	chromedriver!(No symbol) [0xdfdb0c]
E   	chromedriver!(No symbol) [0xe1a9a5]
E   	chromedriver!(No symbol) [0xdfd8a6]
E   	chromedriver!(No symbol) [0xdd0229]
E   	chromedriver!(No symbol) [0xdd0fe4]
E   	chromedriver!GetHandleVerifier [0x12148b9+2785c9]
E   	chromedriver!GetHandleVerifier [0x120feb5+273bc5]
E   	chromedriver!GetHandleVerifier [0x122e06b+291d7b]
E   	chromedriver!GetHandleVerifier [0xfc5cc8+299d8]
E   	chromedriver!GetHandleVerifier [0xfcd9fd+3170d]
E   	chromedriver!GetHandleVerifier [0xfb58c8+195d8]
E   	chromedriver!GetHandleVerifier [0xfb5a92+197a2]
E   	chromedriver!GetHandleVerifier [0xf9ee9a+2baa]
E   	KERNEL32!BaseThreadInitThunk [0x76a95d49+19]
E   	ntdll!RtlInitializeExceptionChain [0x77e0d83b+6b]
E   	ntdll!RtlGetAppContainerNamedObjectPath [0x77e0d7c1+231]</failure></testcase></testsuite></testsuites>